#
# There is insufficient memory for the Java Runtime Environment to continue.
# Native memory allocation (malloc) failed to allocate 1048576 bytes for AllocateHeap
# Possible reasons:
#   The system is out of physical RAM or swap space
#   The process is running with CompressedOops enabled, and the Java Heap may be blocking the growth of the native heap
# Possible solutions:
#   Reduce memory load on the system
#   Increase physical memory or swap space
#   Check if swap backing store is full
#   Decrease Java heap size (-Xmx/-Xms)
#   Decrease number of Java threads
#   Decrease Java thread stack sizes (-Xss)
#   Set larger code cache with -XX:ReservedCodeCacheSize=
#   JVM is running with Unscaled Compressed Oops mode in which the Java heap is
#     placed in the first 4GB address space. The Java Heap base address is the
#     maximum limit for the native heap growth. Please use -XX:HeapBaseMinAddress
#     to set the Java Heap base and to place the Java Heap above 4GB virtual address.
# This output file may be truncated or incomplete.
#
#  Out of Memory Error (allocation.cpp:44), pid=16336, tid=6604
#
# JRE version:  (17.0.9+11) (build )
# Java VM: Java HotSpot(TM) 64-Bit Server VM (17.0.9+11-LTS-201, mixed mode, sharing, tiered, compressed oops, compressed class ptrs, g1 gc, windows-amd64)
# No core dump will be written. Minidumps are not enabled by default on client versions of Windows
#

---------------  S U M M A R Y ------------

Command Line: -javaagent:C:\Program Files\JetBrains\IntelliJ IDEA Community Edition 2023.3.2\lib\idea_rt.jar=53469:C:\Program Files\JetBrains\IntelliJ IDEA Community Edition 2023.3.2\bin -Dfile.encoding=UTF-8 Main

Host: Intel(R) Core(TM) i5-1035G1 CPU @ 1.00GHz, 8 cores, 7G,  Windows 11 , 64 bit Build 22621 (10.0.22621.2506)
Time: Wed Jan  3 14:34:08 2024 India Standard Time elapsed time: 0.019100 seconds (0d 0h 0m 0s)

---------------  T H R E A D  ---------------

Current thread (0x000001b5a50daa50):  JavaThread "Unknown thread" [_thread_in_vm, id=6604, stack(0x0000000568400000,0x0000000568500000)]

Stack: [0x0000000568400000,0x0000000568500000]
Native frames: (J=compiled Java code, j=interpreted, Vv=VM code, C=native code)
V  [jvm.dll+0x678a4a]
V  [jvm.dll+0x7d9cfd]
V  [jvm.dll+0x7db60e]
V  [jvm.dll+0x7dbc73]
V  [jvm.dll+0x245e1f]
V  [jvm.dll+0xa5173]
V  [jvm.dll+0x2e389e]
V  [jvm.dll+0x2db5bb]
V  [jvm.dll+0x7ab6b1]
V  [jvm.dll+0x368041]
V  [jvm.dll+0x78a749]
V  [jvm.dll+0x3ebd4f]
V  [jvm.dll+0x3ed7d1]
C  [jli.dll+0x5297]
C  [ucrtbase.dll+0x29363]
C  [KERNEL32.DLL+0x1257d]
C  [ntdll.dll+0x5aa58]


---------------  P R O C E S S  ---------------

Threads class SMR info:
_java_thread_list=0x00007ff9f8a289d8, length=0, elements={
}

Java Threads: ( => current thread )

Other Threads:
  0x000001b5a5132640 GCTaskThread "GC Thread#0" [stack: 0x0000000568500000,0x0000000568600000] [id=5088]

[error occurred during error reporting (printing all threads), id 0xc0000005, EXCEPTION_ACCESS_VIOLATION (0xc0000005) at pc=0x00007ff9f8258810]

VM state: not at safepoint (not fully initialized)

VM Mutex/Monitor currently owned by a thread:  ([mutex/lock_event])
[0x000001b5a50d5890] Heap_lock - owner thread: 0x000001b5a50daa50

Heap address: 0x0000000084000000, size: 1984 MB, Compressed Oops mode: 32-bit

CDS archive(s) mapped at: [0x0000000000000000-0x0000000000000000-0x0000000000000000), size 0, SharedBaseAddress: 0x0000000800000000, ArchiveRelocationMode: 1.
Narrow klass base: 0x0000000000000000, Narrow klass shift: 0, Narrow klass range: 0x0

GC Precious Log:
<Empty>

Heap:
 garbage-first heap   total 0K, used 0K [0x0000000084000000, 0x0000000100000000)
  region size 1024K, 0 young (0K), 0 survivors (0K)

[error occurred during error reporting (printing heap information), id 0xc0000005, EXCEPTION_ACCESS_VIOLATION (0xc0000005) at pc=0x00007ff9f8642229]

GC Heap History (0 events):
No events

Deoptimization events (0 events):
No events

Classes unloaded (0 events):
No events

Classes redefined (0 events):
No events

Internal exceptions (0 events):
No events

VM Operations (0 events):
No events

Events (1 events):
Event: 0.012 Loaded shared library C:\Program Files\Java\jdk-17\bin\java.dll


Dynamic libraries:
0x00007ff797ca0000 - 0x00007ff797cb0000 	C:\Program Files\Java\jdk-17\bin\java.exe
0x00007ffa4d690000 - 0x00007ffa4d8a7000 	C:\WINDOWS\SYSTEM32\ntdll.dll
0x00007ffa4c3e0000 - 0x00007ffa4c4a4000 	C:\WINDOWS\System32\KERNEL32.DLL
0x00007ffa4aad0000 - 0x00007ffa4ae76000 	C:\WINDOWS\System32\KERNELBASE.dll
0x00007ffa4b0e0000 - 0x00007ffa4b1f1000 	C:\WINDOWS\System32\ucrtbase.dll
0x00007ffa3b5f0000 - 0x00007ffa3b60b000 	C:\Program Files\Java\jdk-17\bin\VCRUNTIME140.dll
0x00007ffa3b2a0000 - 0x00007ffa3b2b9000 	C:\Program Files\Java\jdk-17\bin\jli.dll
0x00007ffa4b5e0000 - 0x00007ffa4b691000 	C:\WINDOWS\System32\ADVAPI32.dll
0x00007ffa4d450000 - 0x00007ffa4d4f7000 	C:\WINDOWS\System32\msvcrt.dll
0x00007ffa4d390000 - 0x00007ffa4d435000 	C:\WINDOWS\System32\sechost.dll
0x00007ffa4bcf0000 - 0x00007ffa4be07000 	C:\WINDOWS\System32\RPCRT4.dll
0x00007ffa4c500000 - 0x00007ffa4c6ae000 	C:\WINDOWS\System32\USER32.dll
0x00007ffa4aaa0000 - 0x00007ffa4aac6000 	C:\WINDOWS\System32\win32u.dll
0x00007ffa4c4b0000 - 0x00007ffa4c4d9000 	C:\WINDOWS\System32\GDI32.dll
0x00007ffa4b200000 - 0x00007ffa4b318000 	C:\WINDOWS\System32\gdi32full.dll
0x00007ffa31710000 - 0x00007ffa319a3000 	C:\WINDOWS\WinSxS\amd64_microsoft.windows.common-controls_6595b64144ccf1df_6.0.22621.2506_none_270c5ae97388e100\COMCTL32.dll
0x00007ffa4aa00000 - 0x00007ffa4aa9a000 	C:\WINDOWS\System32\msvcp_win.dll
0x00007ffa43580000 - 0x00007ffa4358a000 	C:\WINDOWS\SYSTEM32\VERSION.dll
0x00007ffa4bc40000 - 0x00007ffa4bc71000 	C:\WINDOWS\System32\IMM32.DLL
0x00007ffa3d830000 - 0x00007ffa3d83c000 	C:\Program Files\Java\jdk-17\bin\vcruntime140_1.dll
0x00007ffa20590000 - 0x00007ffa2061e000 	C:\Program Files\Java\jdk-17\bin\msvcp140.dll
0x00007ff9f7f70000 - 0x00007ff9f8b51000 	C:\Program Files\Java\jdk-17\bin\server\jvm.dll
0x00007ffa4b6a0000 - 0x00007ffa4b6a8000 	C:\WINDOWS\System32\PSAPI.DLL
0x00007ffa47910000 - 0x00007ffa47919000 	C:\WINDOWS\SYSTEM32\WSOCK32.dll
0x00007ffa41990000 - 0x00007ffa419c4000 	C:\WINDOWS\SYSTEM32\WINMM.dll
0x00007ffa4ca50000 - 0x00007ffa4cac1000 	C:\WINDOWS\System32\ws2_32.DLL
0x00007ffa49a00000 - 0x00007ffa49a18000 	C:\WINDOWS\SYSTEM32\kernel.appcore.dll
0x00007ffa3d760000 - 0x00007ffa3d76a000 	C:\Program Files\Java\jdk-17\bin\jimage.dll
0x00007ffa48350000 - 0x00007ffa48583000 	C:\WINDOWS\SYSTEM32\DBGHELP.DLL
0x00007ffa4bfb0000 - 0x00007ffa4c339000 	C:\WINDOWS\System32\combase.dll
0x00007ffa4c750000 - 0x00007ffa4c827000 	C:\WINDOWS\System32\OLEAUT32.dll
0x00007ffa31d40000 - 0x00007ffa31d72000 	C:\WINDOWS\SYSTEM32\dbgcore.DLL
0x00007ffa4aff0000 - 0x00007ffa4b06a000 	C:\WINDOWS\System32\bcryptPrimitives.dll
0x00007ffa3d700000 - 0x00007ffa3d70e000 	C:\Program Files\Java\jdk-17\bin\instrument.dll
0x00007ffa39ba0000 - 0x00007ffa39bc5000 	C:\Program Files\Java\jdk-17\bin\java.dll

dbghelp: loaded successfully - version: 4.0.5 - missing functions: none
symbol engine: initialized successfully - sym options: 0x614 - pdb path: .;C:\Program Files\Java\jdk-17\bin;C:\WINDOWS\SYSTEM32;C:\WINDOWS\WinSxS\amd64_microsoft.windows.common-controls_6595b64144ccf1df_6.0.22621.2506_none_270c5ae97388e100;C:\Program Files\Java\jdk-17\bin\server

VM Arguments:
jvm_args: -javaagent:C:\Program Files\JetBrains\IntelliJ IDEA Community Edition 2023.3.2\lib\idea_rt.jar=53469:C:\Program Files\JetBrains\IntelliJ IDEA Community Edition 2023.3.2\bin -Dfile.encoding=UTF-8 
java_command: Main
java_class_path (initial): C:\Users\SRVJ\IdeaProjects\Student ID Card\out\production\Student ID Card
Launcher Type: SUN_STANDARD

[Global flags]
     intx CICompilerCount                          = 4                                         {product} {ergonomic}
     uint ConcGCThreads                            = 2                                         {product} {ergonomic}
     uint G1ConcRefinementThreads                  = 8                                         {product} {ergonomic}
   size_t G1HeapRegionSize                         = 1048576                                   {product} {ergonomic}
    uintx GCDrainStackTargetSize                   = 64                                        {product} {ergonomic}
   size_t InitialHeapSize                          = 130023424                                 {product} {ergonomic}
   size_t MarkStackSize                            = 4194304                                   {product} {ergonomic}
   size_t MaxHeapSize                              = 2080374784                                {product} {ergonomic}
   size_t MinHeapDeltaBytes                        = 1048576                                   {product} {ergonomic}
   size_t MinHeapSize                              = 8388608                                   {product} {ergonomic}
    uintx NonNMethodCodeHeapSize                   = 5839372                                {pd product} {ergonomic}
    uintx NonProfiledCodeHeapSize                  = 122909434                              {pd product} {ergonomic}
    uintx ProfiledCodeHeapSize                     = 122909434                              {pd product} {ergonomic}
    uintx ReservedCodeCacheSize                    = 251658240                              {pd product} {ergonomic}
     bool SegmentedCodeCache                       = true                                      {product} {ergonomic}
   size_t SoftMaxHeapSize                          = 2080374784                             {manageable} {ergonomic}
     bool UseCompressedClassPointers               = true                           {product lp64_product} {ergonomic}
     bool UseCompressedOops                        = true                           {product lp64_product} {ergonomic}
     bool UseG1GC                                  = true                                      {product} {ergonomic}
     bool UseLargePagesIndividualAllocation        = false                                  {pd product} {ergonomic}

Logging:
Log output configuration:
 #0: stdout all=warning uptime,level,tags
 #1: stderr all=off uptime,level,tags

Environment Variables:
JAVA_HOME=C:\Program Files\Java\jdk-17\bin
PATH=C:\Program Files\Common Files\Oracle\Java\javapath;C:\Users\SRVJ\AppData\Local\Programs\Python\Python311;C:\oraclexe\app\oracle\product\10.2.0\server\bin;C:\WINDOWS\system32;C:\WINDOWS;C:\WINDOWS\System32\Wbem;C:\WINDOWS\System32\WindowsPowerShell\v1.0\;C:\WINDOWS\System32\OpenSSH\;C:\Program Files\dotnet\;C:\Program Files\Java\jdk-17\bin;C:\Program Files (x86)\dotnet\;C:\Program Files\Microsoft SQL Server\150\Tools\Binn\;C:\Users\SRVJ\AppData\Local\Programs\Python\Python311\Scripts\;C:\Users\SRVJ\AppData\Local\Programs\Python\Python311\;C:\Program Files\MySQL\MySQL Shell 8.0\bin\;C:\Users\SRVJ\AppData\Local\Microsoft\WindowsApps;C:\Users\SRVJ\.dotnet\tools;C:\Users\SRVJ\AppData\Local\atom\bin;C:\Program Files\Java\jdk1.8.0_281\bin;C:\Users\SRVJ\AppData\Local\Programs\Microsoft VS Code\bin;C:\Users\SRVJ\AppData\Local\Microsoft\WindowsApps;C:\Users\SRVJ\.dotnet\tools;C:\Program Files\JetBrains\IntelliJ IDEA Community Edition 2023.3.2\bin;
USERNAME=SRVJ
OS=Windows_NT
PROCESSOR_IDENTIFIER=Intel64 Family 6 Model 126 Stepping 5, GenuineIntel



---------------  S Y S T E M  ---------------

OS:
 Windows 11 , 64 bit Build 22621 (10.0.22621.2506)
OS uptime: 0 days 19:18 hours

CPU: total 8 (initial active 8) (4 cores per cpu, 2 threads per core) family 6 model 126 stepping 5 microcode 0xba, cx8, cmov, fxsr, ht, mmx, 3dnowpref, sse, sse2, sse3, ssse3, sse4.1, sse4.2, popcnt, lzcnt, tsc, tscinvbit, avx, avx2, aes, erms, clmul, bmi1, bmi2, adx, avx512f, avx512dq, avx512cd, avx512bw, avx512vl, sha, fma, vzeroupper, avx512_vpopcntdq, avx512_vpclmulqdq, avx512_vaes, avx512_vnni, clflush, clflushopt, avx512_vbmi2, avx512_vbmi

Memory: 4k page, system-wide physical 7934M (2138M free)
TotalPageFile size 7934M (AvailPageFile size 5M)
current process WorkingSet (physical memory assigned to process): 11M, peak: 11M
current process commit charge ("private bytes"): 59M, peak: 60M

vm_info: Java HotSpot(TM) 64-Bit Server VM (17.0.9+11-LTS-201) for windows-amd64 JRE (17.0.9+11-LTS-201), built on Oct 10 2023 23:16:06 by "mach5one" with MS VC++ 17.1 (VS2022)

END.
