#
# There is insufficient memory for the Java Runtime Environment to continue.
# Native memory allocation (malloc) failed to allocate 337616 bytes for Chunk::new
# Possible reasons:
#   The system is out of physical RAM or swap space
#   The process is running with CompressedOops enabled, and the Java Heap may be blocking the growth of the native heap
# Possible solutions:
#   Reduce memory load on the system
#   Increase physical memory or swap space
#   Check if swap backing store is full
#   Decrease Java heap size (-Xmx/-Xms)
#   Decrease number of Java threads
#   Decrease Java thread stack sizes (-Xss)
#   Set larger code cache with -XX:ReservedCodeCacheSize=
#   JVM is running with Unscaled Compressed Oops mode in which the Java heap is
#     placed in the first 4GB address space. The Java Heap base address is the
#     maximum limit for the native heap growth. Please use -XX:HeapBaseMinAddress
#     to set the Java Heap base and to place the Java Heap above 4GB virtual address.
# This output file may be truncated or incomplete.
#
#  Out of Memory Error (arena.cpp:189), pid=1936, tid=8348
#
# JRE version: Java(TM) SE Runtime Environment (17.0.9+11) (build 17.0.9+11-LTS-201)
# Java VM: Java HotSpot(TM) 64-Bit Server VM (17.0.9+11-LTS-201, mixed mode, sharing, tiered, compressed oops, compressed class ptrs, g1 gc, windows-amd64)
# No core dump will be written. Minidumps are not enabled by default on client versions of Windows
#

---------------  S U M M A R Y ------------

Command Line: -javaagent:C:\Program Files\JetBrains\IntelliJ IDEA Community Edition 2023.3.2\lib\idea_rt.jar=50140:C:\Program Files\JetBrains\IntelliJ IDEA Community Edition 2023.3.2\bin -Dfile.encoding=UTF-8 --module-path=C:\Users\SRVJ\IdeaProjects\FirstApp\target\classes;C:\Users\SRVJ\.m2\repository\org\openjfx\javafx-graphics\17.0.6\javafx-graphics-17.0.6-win.jar;C:\Users\SRVJ\.m2\repository\org\openjfx\javafx-fxml\17.0.6\javafx-fxml-17.0.6-win.jar;C:\Users\SRVJ\.m2\repository\org\openjfx\javafx-base\17.0.6\javafx-base-17.0.6-win.jar;C:\Users\SRVJ\.m2\repository\org\openjfx\javafx-controls\17.0.6\javafx-controls-17.0.6-win.jar -Djdk.module.main=com.example.firstapp com.example.firstapp/com.example.com.vsb.javafx.MyMain

Host: Intel(R) Core(TM) i5-1035G1 CPU @ 1.00GHz, 8 cores, 7G,  Windows 11 , 64 bit Build 22621 (10.0.22621.2506)
Time: Mon Jan 22 20:35:18 2024 India Standard Time elapsed time: 0.698426 seconds (0d 0h 0m 0s)

---------------  T H R E A D  ---------------

Current thread (0x000001b785137b00):  JavaThread "C2 CompilerThread1" daemon [_thread_in_native, id=8348, stack(0x00000024c7600000,0x00000024c7700000)]


Current CompileTask:
C2:    698  847       4       java.util.HashSet::add (20 bytes)

Stack: [0x00000024c7600000,0x00000024c7700000]
Native frames: (J=compiled Java code, j=interpreted, Vv=VM code, C=native code)
V  [jvm.dll+0x678a4a]
V  [jvm.dll+0x7d9cfd]
V  [jvm.dll+0x7db60e]
V  [jvm.dll+0x7dbc73]
V  [jvm.dll+0x245e1f]
V  [jvm.dll+0xaaafb]
V  [jvm.dll+0xab09c]
V  [jvm.dll+0x36232f]
V  [jvm.dll+0x32ca01]
V  [jvm.dll+0x32be9a]
V  [jvm.dll+0x21812f]
V  [jvm.dll+0x217561]
V  [jvm.dll+0x1a3bc0]
V  [jvm.dll+0x2272de]
V  [jvm.dll+0x22548b]
V  [jvm.dll+0x78f58c]
V  [jvm.dll+0x78998a]
V  [jvm.dll+0x677875]
C  [ucrtbase.dll+0x29363]
C  [KERNEL32.DLL+0x1257d]
C  [ntdll.dll+0x5aa58]


---------------  P R O C E S S  ---------------

Threads class SMR info:
_java_thread_list=0x000001b785b03e10, length=19, elements={
0x000001b721e916a0, 0x000001b73fe08b20, 0x000001b73fe094e0, 0x000001b73fe1bd90,
0x000001b73fe1d760, 0x000001b73fe20130, 0x000001b73fe20af0, 0x000001b73fe21890,
0x000001b73fe35330, 0x000001b73fe38870, 0x000001b785074660, 0x000001b785137b00,
0x000001b78556efa0, 0x000001b7854cdde0, 0x000001b78555d590, 0x000001b7859a2790,
0x000001b7859a2c70, 0x000001b78a634190, 0x000001b78a604f00
}

Java Threads: ( => current thread )
  0x000001b721e916a0 JavaThread "main" [_thread_blocked, id=3936, stack(0x00000024c6500000,0x00000024c6600000)]
  0x000001b73fe08b20 JavaThread "Reference Handler" daemon [_thread_blocked, id=11964, stack(0x00000024c6c00000,0x00000024c6d00000)]
  0x000001b73fe094e0 JavaThread "Finalizer" daemon [_thread_blocked, id=8304, stack(0x00000024c6d00000,0x00000024c6e00000)]
  0x000001b73fe1bd90 JavaThread "Signal Dispatcher" daemon [_thread_blocked, id=10484, stack(0x00000024c6e00000,0x00000024c6f00000)]
  0x000001b73fe1d760 JavaThread "Attach Listener" daemon [_thread_blocked, id=5844, stack(0x00000024c6f00000,0x00000024c7000000)]
  0x000001b73fe20130 JavaThread "Service Thread" daemon [_thread_blocked, id=11132, stack(0x00000024c7000000,0x00000024c7100000)]
  0x000001b73fe20af0 JavaThread "Monitor Deflation Thread" daemon [_thread_blocked, id=4956, stack(0x00000024c7100000,0x00000024c7200000)]
  0x000001b73fe21890 JavaThread "C2 CompilerThread0" daemon [_thread_blocked, id=7176, stack(0x00000024c7200000,0x00000024c7300000)]
  0x000001b73fe35330 JavaThread "C1 CompilerThread0" daemon [_thread_blocked, id=8788, stack(0x00000024c7300000,0x00000024c7400000)]
  0x000001b73fe38870 JavaThread "Sweeper thread" daemon [_thread_blocked, id=8784, stack(0x00000024c7400000,0x00000024c7500000)]
  0x000001b785074660 JavaThread "Common-Cleaner" daemon [_thread_blocked, id=2592, stack(0x00000024c7500000,0x00000024c7600000)]
=>0x000001b785137b00 JavaThread "C2 CompilerThread1" daemon [_thread_in_native, id=8348, stack(0x00000024c7600000,0x00000024c7700000)]
  0x000001b78556efa0 JavaThread "Monitor Ctrl-Break" daemon [_thread_in_native, id=8772, stack(0x00000024c7800000,0x00000024c7900000)]
  0x000001b7854cdde0 JavaThread "Notification Thread" daemon [_thread_blocked, id=7444, stack(0x00000024c7900000,0x00000024c7a00000)]
  0x000001b78555d590 JavaThread "QuantumRenderer-0" daemon [_thread_blocked, id=4732, stack(0x00000024c7700000,0x00000024c7800000)]
  0x000001b7859a2790 JavaThread "InvokeLaterDispatcher" daemon [_thread_blocked, id=280, stack(0x00000024c7b00000,0x00000024c7c00000)]
  0x000001b7859a2c70 JavaThread "JavaFX Application Thread" [_thread_in_vm, id=1336, stack(0x00000024c7c00000,0x00000024c7d00000)]
  0x000001b78a634190 JavaThread "Thread-1" daemon [_thread_in_native, id=8768, stack(0x00000024c8000000,0x00000024c8100000)]
  0x000001b78a604f00 JavaThread "JavaFX-Launcher" [_thread_blocked, id=10200, stack(0x00000024c8100000,0x00000024c8200000)]

Other Threads:
  0x000001b73fe01160 VMThread "VM Thread" [stack: 0x00000024c6b00000,0x00000024c6c00000] [id=4400]
  0x000001b721f13100 WatcherThread [stack: 0x00000024c7a00000,0x00000024c7b00000] [id=11520]
  0x000001b721eeafb0 GCTaskThread "GC Thread#0" [stack: 0x00000024c6600000,0x00000024c6700000] [id=7988]
  0x000001b721efb700 ConcurrentGCThread "G1 Main Marker" [stack: 0x00000024c6700000,0x00000024c6800000] [id=568]
  0x000001b721efc8b0 ConcurrentGCThread "G1 Conc#0" [stack: 0x00000024c6800000,0x00000024c6900000] [id=12356]
  0x000001b73fcb24b0 ConcurrentGCThread "G1 Refine#0" [stack: 0x00000024c6900000,0x00000024c6a00000] [id=11032]
  0x000001b721f589a0 ConcurrentGCThread "G1 Service" [stack: 0x00000024c6a00000,0x00000024c6b00000] [id=7500]

Threads with active compile tasks:
C2 CompilerThread1      775  847       4       java.util.HashSet::add (20 bytes)

VM state: not at safepoint (normal execution)

VM Mutex/Monitor currently owned by a thread:  ([mutex/lock_event])
[0x000001b721e8b6b0] Metaspace_lock - owner thread: 0x000001b7859a2c70

Heap address: 0x0000000084000000, size: 1984 MB, Compressed Oops mode: 32-bit

CDS archive(s) mapped at: [0x000001b740000000-0x000001b740bd0000-0x000001b740bd0000), size 12386304, SharedBaseAddress: 0x000001b740000000, ArchiveRelocationMode: 1.
Compressed class space mapped at: 0x000001b741000000-0x000001b781000000, reserved size: 1073741824
Narrow klass base: 0x000001b740000000, Narrow klass shift: 0, Narrow klass range: 0x100000000

GC Precious Log:
 CPUs: 8 total, 8 available
 Memory: 7934M
 Large Page Support: Disabled
 NUMA Support: Disabled
 Compressed Oops: Enabled (32-bit)
 Heap Region Size: 1M
 Heap Min Capacity: 8M
 Heap Initial Capacity: 124M
 Heap Max Capacity: 1984M
 Pre-touch: Disabled
 Parallel Workers: 8
 Concurrent Workers: 2
 Concurrent Refinement Workers: 8
 Periodic GC: Disabled

Heap:
 garbage-first heap   total 126976K, used 20480K [0x0000000084000000, 0x0000000100000000)
  region size 1024K, 21 young (21504K), 0 survivors (0K)
 Metaspace       used 5008K, committed 5120K, reserved 1114112K
  class space    used 589K, committed 640K, reserved 1048576K

Heap Regions: E=young(eden), S=young(survivor), O=old, HS=humongous(starts), HC=humongous(continues), CS=collection set, F=free, OA=open archive, CA=closed archive, TAMS=top-at-mark-start (previous, next)
|   0|0x0000000084000000, 0x0000000084000000, 0x0000000084100000|  0%| F|  |TAMS 0x0000000084000000, 0x0000000084000000| Untracked 
|   1|0x0000000084100000, 0x0000000084100000, 0x0000000084200000|  0%| F|  |TAMS 0x0000000084100000, 0x0000000084100000| Untracked 
|   2|0x0000000084200000, 0x0000000084200000, 0x0000000084300000|  0%| F|  |TAMS 0x0000000084200000, 0x0000000084200000| Untracked 
|   3|0x0000000084300000, 0x0000000084300000, 0x0000000084400000|  0%| F|  |TAMS 0x0000000084300000, 0x0000000084300000| Untracked 
|   4|0x0000000084400000, 0x0000000084400000, 0x0000000084500000|  0%| F|  |TAMS 0x0000000084400000, 0x0000000084400000| Untracked 
|   5|0x0000000084500000, 0x0000000084500000, 0x0000000084600000|  0%| F|  |TAMS 0x0000000084500000, 0x0000000084500000| Untracked 
|   6|0x0000000084600000, 0x0000000084600000, 0x0000000084700000|  0%| F|  |TAMS 0x0000000084600000, 0x0000000084600000| Untracked 
|   7|0x0000000084700000, 0x0000000084700000, 0x0000000084800000|  0%| F|  |TAMS 0x0000000084700000, 0x0000000084700000| Untracked 
|   8|0x0000000084800000, 0x0000000084800000, 0x0000000084900000|  0%| F|  |TAMS 0x0000000084800000, 0x0000000084800000| Untracked 
|   9|0x0000000084900000, 0x0000000084900000, 0x0000000084a00000|  0%| F|  |TAMS 0x0000000084900000, 0x0000000084900000| Untracked 
|  10|0x0000000084a00000, 0x0000000084a00000, 0x0000000084b00000|  0%| F|  |TAMS 0x0000000084a00000, 0x0000000084a00000| Untracked 
|  11|0x0000000084b00000, 0x0000000084b00000, 0x0000000084c00000|  0%| F|  |TAMS 0x0000000084b00000, 0x0000000084b00000| Untracked 
|  12|0x0000000084c00000, 0x0000000084c00000, 0x0000000084d00000|  0%| F|  |TAMS 0x0000000084c00000, 0x0000000084c00000| Untracked 
|  13|0x0000000084d00000, 0x0000000084d00000, 0x0000000084e00000|  0%| F|  |TAMS 0x0000000084d00000, 0x0000000084d00000| Untracked 
|  14|0x0000000084e00000, 0x0000000084e00000, 0x0000000084f00000|  0%| F|  |TAMS 0x0000000084e00000, 0x0000000084e00000| Untracked 
|  15|0x0000000084f00000, 0x0000000084f00000, 0x0000000085000000|  0%| F|  |TAMS 0x0000000084f00000, 0x0000000084f00000| Untracked 
|  16|0x0000000085000000, 0x0000000085000000, 0x0000000085100000|  0%| F|  |TAMS 0x0000000085000000, 0x0000000085000000| Untracked 
|  17|0x0000000085100000, 0x0000000085100000, 0x0000000085200000|  0%| F|  |TAMS 0x0000000085100000, 0x0000000085100000| Untracked 
|  18|0x0000000085200000, 0x0000000085200000, 0x0000000085300000|  0%| F|  |TAMS 0x0000000085200000, 0x0000000085200000| Untracked 
|  19|0x0000000085300000, 0x0000000085300000, 0x0000000085400000|  0%| F|  |TAMS 0x0000000085300000, 0x0000000085300000| Untracked 
|  20|0x0000000085400000, 0x0000000085400000, 0x0000000085500000|  0%| F|  |TAMS 0x0000000085400000, 0x0000000085400000| Untracked 
|  21|0x0000000085500000, 0x0000000085500000, 0x0000000085600000|  0%| F|  |TAMS 0x0000000085500000, 0x0000000085500000| Untracked 
|  22|0x0000000085600000, 0x0000000085600000, 0x0000000085700000|  0%| F|  |TAMS 0x0000000085600000, 0x0000000085600000| Untracked 
|  23|0x0000000085700000, 0x0000000085700000, 0x0000000085800000|  0%| F|  |TAMS 0x0000000085700000, 0x0000000085700000| Untracked 
|  24|0x0000000085800000, 0x0000000085800000, 0x0000000085900000|  0%| F|  |TAMS 0x0000000085800000, 0x0000000085800000| Untracked 
|  25|0x0000000085900000, 0x0000000085900000, 0x0000000085a00000|  0%| F|  |TAMS 0x0000000085900000, 0x0000000085900000| Untracked 
|  26|0x0000000085a00000, 0x0000000085a00000, 0x0000000085b00000|  0%| F|  |TAMS 0x0000000085a00000, 0x0000000085a00000| Untracked 
|  27|0x0000000085b00000, 0x0000000085b00000, 0x0000000085c00000|  0%| F|  |TAMS 0x0000000085b00000, 0x0000000085b00000| Untracked 
|  28|0x0000000085c00000, 0x0000000085c00000, 0x0000000085d00000|  0%| F|  |TAMS 0x0000000085c00000, 0x0000000085c00000| Untracked 
|  29|0x0000000085d00000, 0x0000000085d00000, 0x0000000085e00000|  0%| F|  |TAMS 0x0000000085d00000, 0x0000000085d00000| Untracked 
|  30|0x0000000085e00000, 0x0000000085e00000, 0x0000000085f00000|  0%| F|  |TAMS 0x0000000085e00000, 0x0000000085e00000| Untracked 
|  31|0x0000000085f00000, 0x0000000085f00000, 0x0000000086000000|  0%| F|  |TAMS 0x0000000085f00000, 0x0000000085f00000| Untracked 
|  32|0x0000000086000000, 0x0000000086000000, 0x0000000086100000|  0%| F|  |TAMS 0x0000000086000000, 0x0000000086000000| Untracked 
|  33|0x0000000086100000, 0x0000000086100000, 0x0000000086200000|  0%| F|  |TAMS 0x0000000086100000, 0x0000000086100000| Untracked 
|  34|0x0000000086200000, 0x0000000086200000, 0x0000000086300000|  0%| F|  |TAMS 0x0000000086200000, 0x0000000086200000| Untracked 
|  35|0x0000000086300000, 0x0000000086300000, 0x0000000086400000|  0%| F|  |TAMS 0x0000000086300000, 0x0000000086300000| Untracked 
|  36|0x0000000086400000, 0x0000000086400000, 0x0000000086500000|  0%| F|  |TAMS 0x0000000086400000, 0x0000000086400000| Untracked 
|  37|0x0000000086500000, 0x0000000086500000, 0x0000000086600000|  0%| F|  |TAMS 0x0000000086500000, 0x0000000086500000| Untracked 
|  38|0x0000000086600000, 0x0000000086600000, 0x0000000086700000|  0%| F|  |TAMS 0x0000000086600000, 0x0000000086600000| Untracked 
|  39|0x0000000086700000, 0x0000000086700000, 0x0000000086800000|  0%| F|  |TAMS 0x0000000086700000, 0x0000000086700000| Untracked 
|  40|0x0000000086800000, 0x0000000086800000, 0x0000000086900000|  0%| F|  |TAMS 0x0000000086800000, 0x0000000086800000| Untracked 
|  41|0x0000000086900000, 0x0000000086900000, 0x0000000086a00000|  0%| F|  |TAMS 0x0000000086900000, 0x0000000086900000| Untracked 
|  42|0x0000000086a00000, 0x0000000086a00000, 0x0000000086b00000|  0%| F|  |TAMS 0x0000000086a00000, 0x0000000086a00000| Untracked 
|  43|0x0000000086b00000, 0x0000000086b00000, 0x0000000086c00000|  0%| F|  |TAMS 0x0000000086b00000, 0x0000000086b00000| Untracked 
|  44|0x0000000086c00000, 0x0000000086c00000, 0x0000000086d00000|  0%| F|  |TAMS 0x0000000086c00000, 0x0000000086c00000| Untracked 
|  45|0x0000000086d00000, 0x0000000086d00000, 0x0000000086e00000|  0%| F|  |TAMS 0x0000000086d00000, 0x0000000086d00000| Untracked 
|  46|0x0000000086e00000, 0x0000000086e00000, 0x0000000086f00000|  0%| F|  |TAMS 0x0000000086e00000, 0x0000000086e00000| Untracked 
|  47|0x0000000086f00000, 0x0000000086f00000, 0x0000000087000000|  0%| F|  |TAMS 0x0000000086f00000, 0x0000000086f00000| Untracked 
|  48|0x0000000087000000, 0x0000000087000000, 0x0000000087100000|  0%| F|  |TAMS 0x0000000087000000, 0x0000000087000000| Untracked 
|  49|0x0000000087100000, 0x0000000087100000, 0x0000000087200000|  0%| F|  |TAMS 0x0000000087100000, 0x0000000087100000| Untracked 
|  50|0x0000000087200000, 0x0000000087200000, 0x0000000087300000|  0%| F|  |TAMS 0x0000000087200000, 0x0000000087200000| Untracked 
|  51|0x0000000087300000, 0x0000000087300000, 0x0000000087400000|  0%| F|  |TAMS 0x0000000087300000, 0x0000000087300000| Untracked 
|  52|0x0000000087400000, 0x0000000087400000, 0x0000000087500000|  0%| F|  |TAMS 0x0000000087400000, 0x0000000087400000| Untracked 
|  53|0x0000000087500000, 0x0000000087500000, 0x0000000087600000|  0%| F|  |TAMS 0x0000000087500000, 0x0000000087500000| Untracked 
|  54|0x0000000087600000, 0x0000000087600000, 0x0000000087700000|  0%| F|  |TAMS 0x0000000087600000, 0x0000000087600000| Untracked 
|  55|0x0000000087700000, 0x0000000087700000, 0x0000000087800000|  0%| F|  |TAMS 0x0000000087700000, 0x0000000087700000| Untracked 
|  56|0x0000000087800000, 0x0000000087800000, 0x0000000087900000|  0%| F|  |TAMS 0x0000000087800000, 0x0000000087800000| Untracked 
|  57|0x0000000087900000, 0x0000000087900000, 0x0000000087a00000|  0%| F|  |TAMS 0x0000000087900000, 0x0000000087900000| Untracked 
|  58|0x0000000087a00000, 0x0000000087a00000, 0x0000000087b00000|  0%| F|  |TAMS 0x0000000087a00000, 0x0000000087a00000| Untracked 
|  59|0x0000000087b00000, 0x0000000087b00000, 0x0000000087c00000|  0%| F|  |TAMS 0x0000000087b00000, 0x0000000087b00000| Untracked 
|  60|0x0000000087c00000, 0x0000000087c00000, 0x0000000087d00000|  0%| F|  |TAMS 0x0000000087c00000, 0x0000000087c00000| Untracked 
|  61|0x0000000087d00000, 0x0000000087d00000, 0x0000000087e00000|  0%| F|  |TAMS 0x0000000087d00000, 0x0000000087d00000| Untracked 
|  62|0x0000000087e00000, 0x0000000087e00000, 0x0000000087f00000|  0%| F|  |TAMS 0x0000000087e00000, 0x0000000087e00000| Untracked 
|  63|0x0000000087f00000, 0x0000000087f00000, 0x0000000088000000|  0%| F|  |TAMS 0x0000000087f00000, 0x0000000087f00000| Untracked 
|  64|0x0000000088000000, 0x0000000088000000, 0x0000000088100000|  0%| F|  |TAMS 0x0000000088000000, 0x0000000088000000| Untracked 
|  65|0x0000000088100000, 0x0000000088100000, 0x0000000088200000|  0%| F|  |TAMS 0x0000000088100000, 0x0000000088100000| Untracked 
|  66|0x0000000088200000, 0x0000000088200000, 0x0000000088300000|  0%| F|  |TAMS 0x0000000088200000, 0x0000000088200000| Untracked 
|  67|0x0000000088300000, 0x0000000088300000, 0x0000000088400000|  0%| F|  |TAMS 0x0000000088300000, 0x0000000088300000| Untracked 
|  68|0x0000000088400000, 0x0000000088400000, 0x0000000088500000|  0%| F|  |TAMS 0x0000000088400000, 0x0000000088400000| Untracked 
|  69|0x0000000088500000, 0x0000000088500000, 0x0000000088600000|  0%| F|  |TAMS 0x0000000088500000, 0x0000000088500000| Untracked 
|  70|0x0000000088600000, 0x0000000088600000, 0x0000000088700000|  0%| F|  |TAMS 0x0000000088600000, 0x0000000088600000| Untracked 
|  71|0x0000000088700000, 0x0000000088700000, 0x0000000088800000|  0%| F|  |TAMS 0x0000000088700000, 0x0000000088700000| Untracked 
|  72|0x0000000088800000, 0x0000000088800000, 0x0000000088900000|  0%| F|  |TAMS 0x0000000088800000, 0x0000000088800000| Untracked 
|  73|0x0000000088900000, 0x0000000088900000, 0x0000000088a00000|  0%| F|  |TAMS 0x0000000088900000, 0x0000000088900000| Untracked 
|  74|0x0000000088a00000, 0x0000000088a00000, 0x0000000088b00000|  0%| F|  |TAMS 0x0000000088a00000, 0x0000000088a00000| Untracked 
|  75|0x0000000088b00000, 0x0000000088b00000, 0x0000000088c00000|  0%| F|  |TAMS 0x0000000088b00000, 0x0000000088b00000| Untracked 
|  76|0x0000000088c00000, 0x0000000088c00000, 0x0000000088d00000|  0%| F|  |TAMS 0x0000000088c00000, 0x0000000088c00000| Untracked 
|  77|0x0000000088d00000, 0x0000000088d00000, 0x0000000088e00000|  0%| F|  |TAMS 0x0000000088d00000, 0x0000000088d00000| Untracked 
|  78|0x0000000088e00000, 0x0000000088e00000, 0x0000000088f00000|  0%| F|  |TAMS 0x0000000088e00000, 0x0000000088e00000| Untracked 
|  79|0x0000000088f00000, 0x0000000088f00000, 0x0000000089000000|  0%| F|  |TAMS 0x0000000088f00000, 0x0000000088f00000| Untracked 
|  80|0x0000000089000000, 0x0000000089000000, 0x0000000089100000|  0%| F|  |TAMS 0x0000000089000000, 0x0000000089000000| Untracked 
|  81|0x0000000089100000, 0x0000000089100000, 0x0000000089200000|  0%| F|  |TAMS 0x0000000089100000, 0x0000000089100000| Untracked 
|  82|0x0000000089200000, 0x0000000089200000, 0x0000000089300000|  0%| F|  |TAMS 0x0000000089200000, 0x0000000089200000| Untracked 
|  83|0x0000000089300000, 0x0000000089300000, 0x0000000089400000|  0%| F|  |TAMS 0x0000000089300000, 0x0000000089300000| Untracked 
|  84|0x0000000089400000, 0x0000000089400000, 0x0000000089500000|  0%| F|  |TAMS 0x0000000089400000, 0x0000000089400000| Untracked 
|  85|0x0000000089500000, 0x0000000089500000, 0x0000000089600000|  0%| F|  |TAMS 0x0000000089500000, 0x0000000089500000| Untracked 
|  86|0x0000000089600000, 0x0000000089600000, 0x0000000089700000|  0%| F|  |TAMS 0x0000000089600000, 0x0000000089600000| Untracked 
|  87|0x0000000089700000, 0x0000000089700000, 0x0000000089800000|  0%| F|  |TAMS 0x0000000089700000, 0x0000000089700000| Untracked 
|  88|0x0000000089800000, 0x0000000089800000, 0x0000000089900000|  0%| F|  |TAMS 0x0000000089800000, 0x0000000089800000| Untracked 
|  89|0x0000000089900000, 0x0000000089900000, 0x0000000089a00000|  0%| F|  |TAMS 0x0000000089900000, 0x0000000089900000| Untracked 
|  90|0x0000000089a00000, 0x0000000089a00000, 0x0000000089b00000|  0%| F|  |TAMS 0x0000000089a00000, 0x0000000089a00000| Untracked 
|  91|0x0000000089b00000, 0x0000000089b00000, 0x0000000089c00000|  0%| F|  |TAMS 0x0000000089b00000, 0x0000000089b00000| Untracked 
|  92|0x0000000089c00000, 0x0000000089c00000, 0x0000000089d00000|  0%| F|  |TAMS 0x0000000089c00000, 0x0000000089c00000| Untracked 
|  93|0x0000000089d00000, 0x0000000089d00000, 0x0000000089e00000|  0%| F|  |TAMS 0x0000000089d00000, 0x0000000089d00000| Untracked 
|  94|0x0000000089e00000, 0x0000000089e00000, 0x0000000089f00000|  0%| F|  |TAMS 0x0000000089e00000, 0x0000000089e00000| Untracked 
|  95|0x0000000089f00000, 0x0000000089f00000, 0x000000008a000000|  0%| F|  |TAMS 0x0000000089f00000, 0x0000000089f00000| Untracked 
|  96|0x000000008a000000, 0x000000008a000000, 0x000000008a100000|  0%| F|  |TAMS 0x000000008a000000, 0x000000008a000000| Untracked 
|  97|0x000000008a100000, 0x000000008a100000, 0x000000008a200000|  0%| F|  |TAMS 0x000000008a100000, 0x000000008a100000| Untracked 
|  98|0x000000008a200000, 0x000000008a200000, 0x000000008a300000|  0%| F|  |TAMS 0x000000008a200000, 0x000000008a200000| Untracked 
|  99|0x000000008a300000, 0x000000008a300000, 0x000000008a400000|  0%| F|  |TAMS 0x000000008a300000, 0x000000008a300000| Untracked 
| 100|0x000000008a400000, 0x000000008a400000, 0x000000008a500000|  0%| F|  |TAMS 0x000000008a400000, 0x000000008a400000| Untracked 
| 101|0x000000008a500000, 0x000000008a500000, 0x000000008a600000|  0%| F|  |TAMS 0x000000008a500000, 0x000000008a500000| Untracked 
| 102|0x000000008a600000, 0x000000008a600000, 0x000000008a700000|  0%| F|  |TAMS 0x000000008a600000, 0x000000008a600000| Untracked 
| 103|0x000000008a700000, 0x000000008a800000, 0x000000008a800000|100%| E|  |TAMS 0x000000008a700000, 0x000000008a700000| Complete 
| 104|0x000000008a800000, 0x000000008a900000, 0x000000008a900000|100%| E|CS|TAMS 0x000000008a800000, 0x000000008a800000| Complete 
| 105|0x000000008a900000, 0x000000008aa00000, 0x000000008aa00000|100%| E|CS|TAMS 0x000000008a900000, 0x000000008a900000| Complete 
| 106|0x000000008aa00000, 0x000000008ab00000, 0x000000008ab00000|100%| E|CS|TAMS 0x000000008aa00000, 0x000000008aa00000| Complete 
| 107|0x000000008ab00000, 0x000000008ac00000, 0x000000008ac00000|100%| E|CS|TAMS 0x000000008ab00000, 0x000000008ab00000| Complete 
| 108|0x000000008ac00000, 0x000000008ad00000, 0x000000008ad00000|100%| E|CS|TAMS 0x000000008ac00000, 0x000000008ac00000| Complete 
| 109|0x000000008ad00000, 0x000000008ae00000, 0x000000008ae00000|100%| E|CS|TAMS 0x000000008ad00000, 0x000000008ad00000| Complete 
| 110|0x000000008ae00000, 0x000000008af00000, 0x000000008af00000|100%| E|CS|TAMS 0x000000008ae00000, 0x000000008ae00000| Complete 
| 111|0x000000008af00000, 0x000000008b000000, 0x000000008b000000|100%| E|CS|TAMS 0x000000008af00000, 0x000000008af00000| Complete 
| 112|0x000000008b000000, 0x000000008b100000, 0x000000008b100000|100%| E|CS|TAMS 0x000000008b000000, 0x000000008b000000| Complete 
| 113|0x000000008b100000, 0x000000008b200000, 0x000000008b200000|100%| E|CS|TAMS 0x000000008b100000, 0x000000008b100000| Complete 
| 114|0x000000008b200000, 0x000000008b300000, 0x000000008b300000|100%| E|CS|TAMS 0x000000008b200000, 0x000000008b200000| Complete 
| 115|0x000000008b300000, 0x000000008b400000, 0x000000008b400000|100%| E|CS|TAMS 0x000000008b300000, 0x000000008b300000| Complete 
| 116|0x000000008b400000, 0x000000008b500000, 0x000000008b500000|100%| E|CS|TAMS 0x000000008b400000, 0x000000008b400000| Complete 
| 117|0x000000008b500000, 0x000000008b600000, 0x000000008b600000|100%| E|CS|TAMS 0x000000008b500000, 0x000000008b500000| Complete 
| 118|0x000000008b600000, 0x000000008b700000, 0x000000008b700000|100%| E|CS|TAMS 0x000000008b600000, 0x000000008b600000| Complete 
| 119|0x000000008b700000, 0x000000008b800000, 0x000000008b800000|100%| E|CS|TAMS 0x000000008b700000, 0x000000008b700000| Complete 
| 120|0x000000008b800000, 0x000000008b900000, 0x000000008b900000|100%| E|CS|TAMS 0x000000008b800000, 0x000000008b800000| Complete 
| 121|0x000000008b900000, 0x000000008ba00000, 0x000000008ba00000|100%| E|CS|TAMS 0x000000008b900000, 0x000000008b900000| Complete 
| 122|0x000000008ba00000, 0x000000008bb00000, 0x000000008bb00000|100%| E|CS|TAMS 0x000000008ba00000, 0x000000008ba00000| Complete 
| 123|0x000000008bb00000, 0x000000008bc00000, 0x000000008bc00000|100%| E|CS|TAMS 0x000000008bb00000, 0x000000008bb00000| Complete 

Card table byte_map: [0x000001b738e40000,0x000001b739220000] _byte_map_base: 0x000001b738a20000

Marking Bits (Prev, Next): (CMBitMap*) 0x000001b721eeb5d0, (CMBitMap*) 0x000001b721eeb610
 Prev Bits: [0x000001b739600000, 0x000001b73b500000)
 Next Bits: [0x000001b73b500000, 0x000001b73d400000)

Polling page: 0x000001b71fea0000

Metaspace:

Usage:
  Non-class:      4.32 MB used.
      Class:    589.03 KB used.
       Both:      4.89 MB used.

Virtual space:
  Non-class space:       64.00 MB reserved,       4.38 MB (  7%) committed,  1 nodes.
      Class space:        1.00 GB reserved,     640.00 KB ( <1%) committed,  1 nodes.
             Both:        1.06 GB reserved,       5.00 MB ( <1%) committed. 

Chunk freelists:
   Non-Class:  9.86 MB
       Class:  15.38 MB
        Both:  25.23 MB

MaxMetaspaceSize: unlimited
CompressedClassSpaceSize: 1.00 GB
Initial GC threshold: 21.00 MB
Current GC threshold: 21.00 MB
CDS: on
MetaspaceReclaimPolicy: balanced
 - commit_granule_bytes: 65536.
 - commit_granule_words: 8192.
 - virtual_space_node_default_size: 8388608.
 - enlarge_chunks_in_place: 1.
 - new_chunks_are_fully_committed: 0.
 - uncommit_free_chunks: 1.
 - use_allocation_guard: 0.
 - handle_deallocations: 1.


Internal statistics:

num_allocs_failed_limit: 0.
num_arena_births: 94.
num_arena_deaths: 0.
num_vsnodes_births: 2.
num_vsnodes_deaths: 0.
num_space_committed: 80.
num_space_uncommitted: 0.
num_chunks_returned_to_freelist: 0.
num_chunks_taken_from_freelist: 219.
num_chunk_merges: 0.
num_chunk_splits: 146.
num_chunks_enlarged: 105.
num_inconsistent_stats: 0.

CodeHeap 'non-profiled nmethods': size=120000Kb used=304Kb max_used=304Kb free=119695Kb
 bounds [0x000001b731200000, 0x000001b731470000, 0x000001b738730000]
CodeHeap 'profiled nmethods': size=120000Kb used=1385Kb max_used=1385Kb free=118614Kb
 bounds [0x000001b729730000, 0x000001b7299a0000, 0x000001b730c60000]
CodeHeap 'non-nmethods': size=5760Kb used=1215Kb max_used=1230Kb free=4544Kb
 bounds [0x000001b730c60000, 0x000001b730ed0000, 0x000001b731200000]
 total_blobs=1396 nmethods=888 adapters=421
 compilation: enabled
              stopped_count=0, restarted_count=0
 full_count=0

Compilation events (20 events):
Event: 0.670 Thread 0x000001b73fe21890  872       4       java.lang.String::replace (42 bytes)
Event: 0.670 Thread 0x000001b73fe35330 nmethod 870 0x000001b729884a90 code [0x000001b729884c80, 0x000001b729885108]
Event: 0.670 Thread 0x000001b73fe35330  873       3       java.util.concurrent.locks.ReentrantReadWriteLock$Sync::tryAcquireShared (177 bytes)
Event: 0.671 Thread 0x000001b73fe35330 nmethod 873 0x000001b729885290 code [0x000001b7298854e0, 0x000001b729886028]
Event: 0.671 Thread 0x000001b73fe35330  874       3       java.util.concurrent.locks.ReentrantReadWriteLock$Sync::exclusiveCount (5 bytes)
Event: 0.671 Thread 0x000001b73fe35330 nmethod 874 0x000001b729886390 code [0x000001b729886520, 0x000001b729886618]
Event: 0.671 Thread 0x000001b73fe35330  875       3       java.util.concurrent.locks.ReentrantReadWriteLock$Sync::sharedCount (5 bytes)
Event: 0.671 Thread 0x000001b73fe35330 nmethod 875 0x000001b729886690 code [0x000001b729886820, 0x000001b729886918]
Event: 0.671 Thread 0x000001b73fe35330  876       3       java.util.concurrent.locks.ReentrantReadWriteLock$NonfairSync::readerShouldBlock (5 bytes)
Event: 0.671 Thread 0x000001b73fe35330 nmethod 876 0x000001b729886990 code [0x000001b729886b20, 0x000001b729886c68]
Event: 0.671 Thread 0x000001b73fe35330  877       3       java.util.concurrent.locks.AbstractQueuedSynchronizer::apparentlyFirstQueuedIsExclusive (38 bytes)
Event: 0.671 Thread 0x000001b73fe35330 nmethod 877 0x000001b729886d10 code [0x000001b729886ec0, 0x000001b7298871d8]
Event: 0.671 Thread 0x000001b73fe35330  878       3       jdk.internal.module.ModuleReferences$JarModuleReader::getEntry (15 bytes)
Event: 0.671 Thread 0x000001b73fe35330 nmethod 878 0x000001b729887290 code [0x000001b729887460, 0x000001b729887878]
Event: 0.671 Thread 0x000001b73fe35330  879       3       java.util.concurrent.locks.AbstractQueuedSynchronizer::acquireShared (20 bytes)
Event: 0.671 Thread 0x000001b73fe35330 nmethod 879 0x000001b729887a10 code [0x000001b729887bc0, 0x000001b729887e38]
Event: 0.674 Thread 0x000001b73fe35330  880       3       java.lang.ClassLoader::compareCerts (197 bytes)
Event: 0.674 Thread 0x000001b73fe35330 nmethod 880 0x000001b729887f10 code [0x000001b729888120, 0x000001b7298889d8]
Event: 0.674 Thread 0x000001b73fe35330  881       3       java.util.ArrayDeque::addLast (51 bytes)
Event: 0.675 Thread 0x000001b73fe35330 nmethod 881 0x000001b729888c90 code [0x000001b729888e60, 0x000001b729889338]

GC Heap History (0 events):
No events

Deoptimization events (20 events):
Event: 0.220 Thread 0x000001b721e916a0 DEOPT PACKING pc=0x000001b731206df4 sp=0x00000024c65feba0
Event: 0.220 Thread 0x000001b721e916a0 DEOPT UNPACKING pc=0x000001b730cb5ba3 sp=0x00000024c65feae0 mode 2
Event: 0.299 Thread 0x000001b721e916a0 Uncommon trap: trap_request=0xffffff45 fr.pc=0x000001b73121cf54 relative=0x0000000000000d34
Event: 0.299 Thread 0x000001b721e916a0 Uncommon trap: reason=unstable_if action=reinterpret pc=0x000001b73121cf54 method=java.util.HashMap.putVal(ILjava/lang/Object;Ljava/lang/Object;ZZ)Ljava/lang/Object; @ 193 c2
Event: 0.299 Thread 0x000001b721e916a0 DEOPT PACKING pc=0x000001b73121cf54 sp=0x00000024c65fdc80
Event: 0.299 Thread 0x000001b721e916a0 DEOPT UNPACKING pc=0x000001b730cb5ba3 sp=0x00000024c65fdbc8 mode 2
Event: 0.300 Thread 0x000001b721e916a0 Uncommon trap: trap_request=0xffffff45 fr.pc=0x000001b7312198d0 relative=0x0000000000000d50
Event: 0.300 Thread 0x000001b721e916a0 Uncommon trap: reason=unstable_if action=reinterpret pc=0x000001b7312198d0 method=java.util.HashMap.putVal(ILjava/lang/Object;Ljava/lang/Object;ZZ)Ljava/lang/Object; @ 193 c2
Event: 0.300 Thread 0x000001b721e916a0 DEOPT PACKING pc=0x000001b7312198d0 sp=0x00000024c65fdbf0
Event: 0.300 Thread 0x000001b721e916a0 DEOPT UNPACKING pc=0x000001b730cb5ba3 sp=0x00000024c65fdbc0 mode 2
Event: 0.483 Thread 0x000001b721e916a0 DEOPT PACKING pc=0x000001b729813377 sp=0x00000024c65fde80
Event: 0.483 Thread 0x000001b721e916a0 DEOPT UNPACKING pc=0x000001b730cb66e3 sp=0x00000024c65fd2a0 mode 0
Event: 0.578 Thread 0x000001b7859a2c70 Uncommon trap: trap_request=0xffffff45 fr.pc=0x000001b73123671c relative=0x000000000000025c
Event: 0.578 Thread 0x000001b7859a2c70 Uncommon trap: reason=unstable_if action=reinterpret pc=0x000001b73123671c method=java.lang.invoke.VarHandle.checkExactAccessMode(Ljava/lang/invoke/VarHandle$AccessDescriptor;)V @ 4 c2
Event: 0.578 Thread 0x000001b7859a2c70 DEOPT PACKING pc=0x000001b73123671c sp=0x00000024c7cfe790
Event: 0.578 Thread 0x000001b7859a2c70 DEOPT UNPACKING pc=0x000001b730cb5ba3 sp=0x00000024c7cfe700 mode 2
Event: 0.654 Thread 0x000001b7859a2c70 Uncommon trap: trap_request=0xffffff45 fr.pc=0x000001b731235a74 relative=0x0000000000000074
Event: 0.654 Thread 0x000001b7859a2c70 Uncommon trap: reason=unstable_if action=reinterpret pc=0x000001b731235a74 method=jdk.internal.misc.Unsafe.convEndian(ZI)I @ 4 c2
Event: 0.654 Thread 0x000001b7859a2c70 DEOPT PACKING pc=0x000001b731235a74 sp=0x00000024c7cfd450
Event: 0.654 Thread 0x000001b7859a2c70 DEOPT UNPACKING pc=0x000001b730cb5ba3 sp=0x00000024c7cfd380 mode 2

Classes unloaded (0 events):
No events

Classes redefined (0 events):
No events

Internal exceptions (13 events):
Event: 0.091 Thread 0x000001b721e916a0 Exception <a 'java/lang/NoSuchMethodError'{0x000000008ba32e00}: 'void java.lang.invoke.DirectMethodHandle$Holder.invokeVirtual(java.lang.Object, java.lang.Object)'> (0x000000008ba32e00) 
thrown [s\open\src\hotspot\share\interpreter\linkResolver.cpp, line 759]
Event: 0.223 Thread 0x000001b78556efa0 Exception <a 'java/lang/NoSuchMethodError'{0x000000008b6f0818}: 'java.lang.Object java.lang.invoke.DirectMethodHandle$Holder.invokeStaticInit(java.lang.Object)'> (0x000000008b6f0818) 
thrown [s\open\src\hotspot\share\interpreter\linkResolver.cpp, line 759]
Event: 0.229 Thread 0x000001b78556efa0 Exception <a 'java/lang/ClassNotFoundException'{0x000000008b6fb9d8}: jdk/net/ExtendedSocketOptions> (0x000000008b6fb9d8) 
thrown [s\open\src\hotspot\share\classfile\systemDictionary.cpp, line 256]
Event: 0.230 Thread 0x000001b78556efa0 Exception <a 'java/lang/NoSuchMethodError'{0x000000008b6fd270}: 'void java.lang.invoke.DirectMethodHandle$Holder.invokeStatic(java.lang.Object, java.lang.Object)'> (0x000000008b6fd270) 
thrown [s\open\src\hotspot\share\interpreter\linkResolver.cpp, line 759]
Event: 0.525 Thread 0x000001b721e916a0 Exception <a 'java/lang/NoSuchMethodError'{0x000000008afb4d60}: 'void java.lang.invoke.DirectMethodHandle$Holder.invokeSpecial(java.lang.Object, java.lang.Object, java.lang.Object)'> (0x000000008afb4d60) 
thrown [s\open\src\hotspot\share\interpreter\linkResolver.cpp, line 759]
Event: 0.531 Thread 0x000001b721e916a0 Exception <a 'java/lang/NoSuchMethodError'{0x000000008afeb340}: 'void java.lang.invoke.DirectMethodHandle$Holder.invokeStatic(java.lang.Object, java.lang.Object, java.lang.Object)'> (0x000000008afeb340) 
thrown [s\open\src\hotspot\share\interpreter\linkResolver.cpp, line 759]
Event: 0.555 Thread 0x000001b721e916a0 Exception <a 'java/lang/NoSuchMethodError'{0x000000008ae80398}: 'int java.lang.invoke.DirectMethodHandle$Holder.invokeStaticInit(java.lang.Object, java.lang.Object, java.lang.Object)'> (0x000000008ae80398) 
thrown [s\open\src\hotspot\share\interpreter\linkResolver.cpp, line 759]
Event: 0.573 Thread 0x000001b721e916a0 Exception <a 'java/lang/NoSuchMethodError'{0x000000008ad417f8}: 'java.lang.Object java.lang.invoke.DirectMethodHandle$Holder.newInvokeSpecial(java.lang.Object, java.lang.Object, int, java.lang.Object)'> (0x000000008ad417f8) 
thrown [s\open\src\hotspot\share\interpreter\linkResolver.cpp, line 759]
Event: 0.573 Thread 0x000001b721e916a0 Exception <a 'java/lang/NoSuchMethodError'{0x000000008ad45bd8}: 'java.lang.Object java.lang.invoke.DirectMethodHandle$Holder.invokeSpecial(java.lang.Object, java.lang.Object, java.lang.Object, int, java.lang.Object)'> (0x000000008ad45bd8) 
thrown [s\open\src\hotspot\share\interpreter\linkResolver.cpp, line 759]
Event: 0.641 Thread 0x000001b7859a2c70 Exception <a 'java/lang/NoSuchMethodError'{0x000000008aa88680}: 'void java.lang.invoke.DirectMethodHandle$Holder.invokeStaticInit(java.lang.Object)'> (0x000000008aa88680) 
thrown [s\open\src\hotspot\share\interpreter\linkResolver.cpp, line 759]
Event: 0.644 Thread 0x000001b721e916a0 Exception <a 'java/lang/NoSuchMethodError'{0x000000008ad5ad98}: 'java.lang.Object java.lang.invoke.DirectMethodHandle$Holder.newInvokeSpecial(java.lang.Object, java.lang.Object, java.lang.Object, java.lang.Object, java.lang.Object, java.lang.Object)'> (0x000000008ad5ad98) 
thrown [s\open\src\hotspot\share\interpreter\linkResolver.cpp, line 759]
Event: 0.664 Thread 0x000001b721e916a0 Exception <a 'java/lang/NoSuchMethodError'{0x000000008a9f7e38}: 'java.lang.Object java.lang.invoke.DirectMethodHandle$Holder.newInvokeSpecial(java.lang.Object, java.lang.Object, java.lang.Object, java.lang.Object, java.lang.Object)'> (0x000000008a9f7e38) 
thrown [s\open\src\hotspot\share\interpreter\linkResolver.cpp, line 759]
Event: 0.665 Thread 0x000001b78a604f00 Exception <a 'java/lang/NoSuchMethodError'{0x000000008a805c00}: 'void java.lang.invoke.DirectMethodHandle$Holder.invokeStatic(java.lang.Object, java.lang.Object, java.lang.Object, java.lang.Object)'> (0x000000008a805c00) 
thrown [s\open\src\hotspot\share\interpreter\linkResolver.cpp, line 759]

VM Operations (8 events):
Event: 0.184 Executing VM operation: HandshakeAllThreads
Event: 0.184 Executing VM operation: HandshakeAllThreads done
Event: 0.184 Executing VM operation: HandshakeAllThreads
Event: 0.184 Executing VM operation: HandshakeAllThreads done
Event: 0.221 Executing VM operation: HandshakeAllThreads
Event: 0.221 Executing VM operation: HandshakeAllThreads done
Event: 0.564 Executing VM operation: HandshakeAllThreads
Event: 0.564 Executing VM operation: HandshakeAllThreads done

Events (20 events):
Event: 0.653 loading class jdk/internal/org/objectweb/asm/Edge
Event: 0.653 loading class jdk/internal/org/objectweb/asm/Edge done
Event: 0.653 loading class java/lang/reflect/Proxy$ProxyBuilder$1
Event: 0.654 loading class java/lang/reflect/Proxy$ProxyBuilder$1 done
Event: 0.654 loading class java/lang/annotation/Target
Event: 0.654 loading class java/lang/annotation/Target done
Event: 0.655 loading class sun/reflect/generics/repository/ClassRepository
Event: 0.655 loading class sun/reflect/generics/repository/GenericDeclRepository
Event: 0.655 loading class sun/reflect/generics/repository/AbstractRepository
Event: 0.655 loading class sun/reflect/generics/repository/AbstractRepository done
Event: 0.655 loading class sun/reflect/generics/repository/GenericDeclRepository done
Event: 0.655 loading class sun/reflect/generics/repository/ClassRepository done
Event: 0.655 loading class java/lang/Class$EnclosingMethodInfo
Event: 0.655 loading class java/lang/Class$EnclosingMethodInfo done
Event: 0.655 loading class java/lang/Class$AnnotationData
Event: 0.655 loading class java/lang/Class$AnnotationData done
Event: 0.662 Thread 0x000001b78a634190 Thread added: 0x000001b78a634190
Event: 0.663 loading class java/lang/StackTraceElement$HashedModules
Event: 0.663 loading class java/lang/StackTraceElement$HashedModules done
Event: 0.664 Thread 0x000001b78a604f00 Thread added: 0x000001b78a604f00


Dynamic libraries:
0x00007ff7b9d20000 - 0x00007ff7b9d30000 	C:\Program Files\Java\jdk-17\bin\java.exe
0x00007ffaa8df0000 - 0x00007ffaa9007000 	C:\WINDOWS\SYSTEM32\ntdll.dll
0x00007ffaa7110000 - 0x00007ffaa71d4000 	C:\WINDOWS\System32\KERNEL32.DLL
0x00007ffaa65d0000 - 0x00007ffaa6976000 	C:\WINDOWS\System32\KERNELBASE.dll
0x00007ffaa69b0000 - 0x00007ffaa6ac1000 	C:\WINDOWS\System32\ucrtbase.dll
0x00007ffa8bdb0000 - 0x00007ffa8bdcb000 	C:\Program Files\Java\jdk-17\bin\VCRUNTIME140.dll
0x00007ffa86950000 - 0x00007ffa86969000 	C:\Program Files\Java\jdk-17\bin\jli.dll
0x00007ffaa7360000 - 0x00007ffaa7413000 	C:\WINDOWS\System32\ADVAPI32.dll
0x00007ffaa7500000 - 0x00007ffaa75a7000 	C:\WINDOWS\System32\msvcrt.dll
0x00007ffaa72b0000 - 0x00007ffaa7358000 	C:\WINDOWS\System32\sechost.dll
0x00007ffaa6250000 - 0x00007ffaa6278000 	C:\WINDOWS\System32\bcrypt.dll
0x00007ffaa6fd0000 - 0x00007ffaa70e7000 	C:\WINDOWS\System32\RPCRT4.dll
0x00007ffaa7a50000 - 0x00007ffaa7bfe000 	C:\WINDOWS\System32\USER32.dll
0x00007ffaa6980000 - 0x00007ffaa69a6000 	C:\WINDOWS\System32\win32u.dll
0x00007ffaa7420000 - 0x00007ffaa7449000 	C:\WINDOWS\System32\GDI32.dll
0x00007ffaa6130000 - 0x00007ffaa6248000 	C:\WINDOWS\System32\gdi32full.dll
0x00007ffa88470000 - 0x00007ffa88703000 	C:\WINDOWS\WinSxS\amd64_microsoft.windows.common-controls_6595b64144ccf1df_6.0.22621.2506_none_270c5ae97388e100\COMCTL32.dll
0x00007ffaa64b0000 - 0x00007ffaa654a000 	C:\WINDOWS\System32\msvcp_win.dll
0x00007ffa9fe10000 - 0x00007ffa9fe1a000 	C:\WINDOWS\SYSTEM32\VERSION.dll
0x00007ffaa6f90000 - 0x00007ffaa6fc1000 	C:\WINDOWS\System32\IMM32.DLL
0x00007ffa9ee40000 - 0x00007ffa9ee4c000 	C:\Program Files\Java\jdk-17\bin\vcruntime140_1.dll
0x00007ffa84800000 - 0x00007ffa8488e000 	C:\Program Files\Java\jdk-17\bin\msvcp140.dll
0x00007ffa58840000 - 0x00007ffa59421000 	C:\Program Files\Java\jdk-17\bin\server\jvm.dll
0x00007ffaa8000000 - 0x00007ffaa8008000 	C:\WINDOWS\System32\PSAPI.DLL
0x00007ffaa2f20000 - 0x00007ffaa2f29000 	C:\WINDOWS\SYSTEM32\WSOCK32.dll
0x00007ffa9e160000 - 0x00007ffa9e194000 	C:\WINDOWS\SYSTEM32\WINMM.dll
0x00007ffaa7c90000 - 0x00007ffaa7d01000 	C:\WINDOWS\System32\WS2_32.dll
0x00007ffaa5160000 - 0x00007ffaa5178000 	C:\WINDOWS\SYSTEM32\kernel.appcore.dll
0x00007ffa9cb80000 - 0x00007ffa9cb8a000 	C:\Program Files\Java\jdk-17\bin\jimage.dll
0x00007ffaa3c10000 - 0x00007ffaa3e43000 	C:\WINDOWS\SYSTEM32\DBGHELP.DLL
0x00007ffaa6c00000 - 0x00007ffaa6f89000 	C:\WINDOWS\System32\combase.dll
0x00007ffaa7f20000 - 0x00007ffaa7ff7000 	C:\WINDOWS\System32\OLEAUT32.dll
0x00007ffa8efa0000 - 0x00007ffa8efd2000 	C:\WINDOWS\SYSTEM32\dbgcore.DLL
0x00007ffaa6550000 - 0x00007ffaa65ca000 	C:\WINDOWS\System32\bcryptPrimitives.dll
0x00007ffaa2c60000 - 0x00007ffaa2c6e000 	C:\Program Files\Java\jdk-17\bin\instrument.dll
0x00007ffa84930000 - 0x00007ffa84955000 	C:\Program Files\Java\jdk-17\bin\java.dll
0x00007ffa645e0000 - 0x00007ffa646b7000 	C:\Program Files\Java\jdk-17\bin\jsvml.dll
0x00007ffaa8540000 - 0x00007ffaa8d9a000 	C:\WINDOWS\System32\SHELL32.dll
0x00007ffaa3f90000 - 0x00007ffaa4886000 	C:\WINDOWS\SYSTEM32\windows.storage.dll
0x00007ffaa3e50000 - 0x00007ffaa3f8e000 	C:\WINDOWS\SYSTEM32\wintypes.dll
0x00007ffaa8010000 - 0x00007ffaa8103000 	C:\WINDOWS\System32\SHCORE.dll
0x00007ffaa6ba0000 - 0x00007ffaa6bfe000 	C:\WINDOWS\System32\shlwapi.dll
0x00007ffaa6060000 - 0x00007ffaa6086000 	C:\WINDOWS\SYSTEM32\profapi.dll
0x00007ffa84910000 - 0x00007ffa84929000 	C:\Program Files\Java\jdk-17\bin\net.dll
0x00007ffa9f400000 - 0x00007ffa9f537000 	C:\WINDOWS\SYSTEM32\WINHTTP.dll
0x00007ffaa55e0000 - 0x00007ffaa5649000 	C:\WINDOWS\system32\mswsock.dll
0x00007ffa848f0000 - 0x00007ffa84906000 	C:\Program Files\Java\jdk-17\bin\nio.dll
0x00007ffa847e0000 - 0x00007ffa847f8000 	C:\Program Files\Java\jdk-17\bin\zip.dll
0x00007ffaa2c40000 - 0x00007ffaa2c5a000 	C:\Program Files\JetBrains\IntelliJ IDEA Community Edition 2023.3.2\bin\breakgen64.dll
0x000001b73ff90000 - 0x000001b73ff93000 	C:\Users\SRVJ\.openjfx\cache\17.0.6\api-ms-win-core-console-l1-1-0.dll
0x000001b73ffa0000 - 0x000001b73ffa3000 	C:\Users\SRVJ\.openjfx\cache\17.0.6\api-ms-win-core-console-l1-2-0.dll
0x000001b73ffb0000 - 0x000001b73ffb3000 	C:\Users\SRVJ\.openjfx\cache\17.0.6\api-ms-win-core-datetime-l1-1-0.dll
0x000001b73ffc0000 - 0x000001b73ffc3000 	C:\Users\SRVJ\.openjfx\cache\17.0.6\api-ms-win-core-debug-l1-1-0.dll
0x000001b73ffd0000 - 0x000001b73ffd3000 	C:\Users\SRVJ\.openjfx\cache\17.0.6\api-ms-win-core-errorhandling-l1-1-0.dll
0x000001b73ffe0000 - 0x000001b73ffe4000 	C:\Users\SRVJ\.openjfx\cache\17.0.6\api-ms-win-core-file-l1-1-0.dll
0x000001b73fff0000 - 0x000001b73fff3000 	C:\Users\SRVJ\.openjfx\cache\17.0.6\api-ms-win-core-file-l1-2-0.dll
0x000001b785c00000 - 0x000001b785c03000 	C:\Users\SRVJ\.openjfx\cache\17.0.6\api-ms-win-core-file-l2-1-0.dll
0x000001b785c10000 - 0x000001b785c13000 	C:\Users\SRVJ\.openjfx\cache\17.0.6\api-ms-win-core-handle-l1-1-0.dll
0x000001b785c20000 - 0x000001b785c23000 	C:\Users\SRVJ\.openjfx\cache\17.0.6\api-ms-win-core-heap-l1-1-0.dll
0x000001b785c30000 - 0x000001b785c33000 	C:\Users\SRVJ\.openjfx\cache\17.0.6\api-ms-win-core-interlocked-l1-1-0.dll
0x000001b785c40000 - 0x000001b785c43000 	C:\Users\SRVJ\.openjfx\cache\17.0.6\api-ms-win-core-libraryloader-l1-1-0.dll
0x000001b785c50000 - 0x000001b785c53000 	C:\Users\SRVJ\.openjfx\cache\17.0.6\api-ms-win-core-localization-l1-2-0.dll
0x000001b785c60000 - 0x000001b785c63000 	C:\Users\SRVJ\.openjfx\cache\17.0.6\api-ms-win-core-memory-l1-1-0.dll
0x000001b785c70000 - 0x000001b785c73000 	C:\Users\SRVJ\.openjfx\cache\17.0.6\api-ms-win-core-namedpipe-l1-1-0.dll
0x000001b785c80000 - 0x000001b785c83000 	C:\Users\SRVJ\.openjfx\cache\17.0.6\api-ms-win-core-processenvironment-l1-1-0.dll
0x000001b785c90000 - 0x000001b785c93000 	C:\Users\SRVJ\.openjfx\cache\17.0.6\api-ms-win-core-processthreads-l1-1-0.dll
0x000001b785ca0000 - 0x000001b785ca3000 	C:\Users\SRVJ\.openjfx\cache\17.0.6\api-ms-win-core-processthreads-l1-1-1.dll
0x000001b785cb0000 - 0x000001b785cb3000 	C:\Users\SRVJ\.openjfx\cache\17.0.6\api-ms-win-core-profile-l1-1-0.dll
0x000001b785cc0000 - 0x000001b785cc3000 	C:\Users\SRVJ\.openjfx\cache\17.0.6\api-ms-win-core-rtlsupport-l1-1-0.dll
0x000001b785cd0000 - 0x000001b785cd3000 	C:\Users\SRVJ\.openjfx\cache\17.0.6\api-ms-win-core-string-l1-1-0.dll
0x000001b785ce0000 - 0x000001b785ce3000 	C:\Users\SRVJ\.openjfx\cache\17.0.6\api-ms-win-core-synch-l1-1-0.dll
0x000001b785cf0000 - 0x000001b785cf3000 	C:\Users\SRVJ\.openjfx\cache\17.0.6\api-ms-win-core-synch-l1-2-0.dll
0x000001b785d00000 - 0x000001b785d03000 	C:\Users\SRVJ\.openjfx\cache\17.0.6\api-ms-win-core-sysinfo-l1-1-0.dll
0x000001b785d10000 - 0x000001b785d13000 	C:\Users\SRVJ\.openjfx\cache\17.0.6\api-ms-win-core-timezone-l1-1-0.dll
0x000001b785d20000 - 0x000001b785d23000 	C:\Users\SRVJ\.openjfx\cache\17.0.6\api-ms-win-core-util-l1-1-0.dll
0x000001b785d30000 - 0x000001b785d33000 	C:\Users\SRVJ\.openjfx\cache\17.0.6\api-ms-win-crt-conio-l1-1-0.dll
0x000001b785d40000 - 0x000001b785d44000 	C:\Users\SRVJ\.openjfx\cache\17.0.6\api-ms-win-crt-convert-l1-1-0.dll
0x000001b785d50000 - 0x000001b785d53000 	C:\Users\SRVJ\.openjfx\cache\17.0.6\api-ms-win-crt-environment-l1-1-0.dll
0x000001b785d60000 - 0x000001b785d63000 	C:\Users\SRVJ\.openjfx\cache\17.0.6\api-ms-win-crt-filesystem-l1-1-0.dll
0x000001b785d70000 - 0x000001b785d73000 	C:\Users\SRVJ\.openjfx\cache\17.0.6\api-ms-win-crt-heap-l1-1-0.dll
0x000001b785d80000 - 0x000001b785d83000 	C:\Users\SRVJ\.openjfx\cache\17.0.6\api-ms-win-crt-locale-l1-1-0.dll
0x000001b785d90000 - 0x000001b785d95000 	C:\Users\SRVJ\.openjfx\cache\17.0.6\api-ms-win-crt-math-l1-1-0.dll
0x000001b785da0000 - 0x000001b785da5000 	C:\Users\SRVJ\.openjfx\cache\17.0.6\api-ms-win-crt-multibyte-l1-1-0.dll
0x000001b785db0000 - 0x000001b785dc0000 	C:\Users\SRVJ\.openjfx\cache\17.0.6\api-ms-win-crt-private-l1-1-0.dll
0x000001b785dc0000 - 0x000001b785dc3000 	C:\Users\SRVJ\.openjfx\cache\17.0.6\api-ms-win-crt-process-l1-1-0.dll
0x000001b785dd0000 - 0x000001b785dd4000 	C:\Users\SRVJ\.openjfx\cache\17.0.6\api-ms-win-crt-runtime-l1-1-0.dll
0x000001b785de0000 - 0x000001b785de4000 	C:\Users\SRVJ\.openjfx\cache\17.0.6\api-ms-win-crt-stdio-l1-1-0.dll
0x000001b785df0000 - 0x000001b785df4000 	C:\Users\SRVJ\.openjfx\cache\17.0.6\api-ms-win-crt-string-l1-1-0.dll
0x000001b785e00000 - 0x000001b785e03000 	C:\Users\SRVJ\.openjfx\cache\17.0.6\api-ms-win-crt-time-l1-1-0.dll
0x000001b785e10000 - 0x000001b785e13000 	C:\Users\SRVJ\.openjfx\cache\17.0.6\api-ms-win-crt-utility-l1-1-0.dll
0x00007ffa776c0000 - 0x00007ffa777bc000 	C:\Users\SRVJ\.openjfx\cache\17.0.6\ucrtbase.dll
0x00007ffaa11c0000 - 0x00007ffaa11da000 	C:\Users\SRVJ\.openjfx\cache\17.0.6\vcruntime140.dll
0x00007ffa9cb90000 - 0x00007ffa9cb9c000 	C:\Users\SRVJ\.openjfx\cache\17.0.6\vcruntime140_1.dll
0x00007ffa7f4d0000 - 0x00007ffa7f55d000 	C:\Users\SRVJ\.openjfx\cache\17.0.6\msvcp140.dll
0x00007ffa8b680000 - 0x00007ffa8b689000 	C:\Users\SRVJ\.openjfx\cache\17.0.6\msvcp140_1.dll
0x00007ffa7f940000 - 0x00007ffa7f96f000 	C:\Users\SRVJ\.openjfx\cache\17.0.6\msvcp140_2.dll
0x00007ffa6e780000 - 0x00007ffa6e7aa000 	C:\Users\SRVJ\.openjfx\cache\17.0.6\prism_d3d.dll
0x00007ffa5b210000 - 0x00007ffa5b3b9000 	C:\WINDOWS\system32\d3d9.dll
0x00007ffaa3680000 - 0x00007ffaa36ab000 	C:\WINDOWS\SYSTEM32\dwmapi.dll
0x00007ffaa3340000 - 0x00007ffaa3376000 	C:\WINDOWS\SYSTEM32\dxcore.dll
0x00007ffaa3260000 - 0x00007ffaa330b000 	C:\WINDOWS\system32\uxtheme.dll
0x00007ffa5b0a0000 - 0x00007ffa5b205000 	C:\WINDOWS\System32\DriverStore\FileRepository\iigd_dch.inf_amd64_535ad830186013d4\igdumdim64.dll
0x00007ffaa7d80000 - 0x00007ffaa7f20000 	C:\WINDOWS\System32\ole32.dll
0x00007ffa4f110000 - 0x00007ffa52d66000 	C:\WINDOWS\System32\DriverStore\FileRepository\iigd_dch.inf_amd64_535ad830186013d4\igd9dxva64.dll
0x00007ffaa75b0000 - 0x00007ffaa7a24000 	C:\WINDOWS\System32\SETUPAPI.dll
0x00007ffaa5d30000 - 0x00007ffaa5d7e000 	C:\WINDOWS\SYSTEM32\cfgmgr32.dll
0x00007ffa9a320000 - 0x00007ffa9a6e1000 	C:\WINDOWS\System32\DriverStore\FileRepository\iigd_dch.inf_amd64_535ad830186013d4\igdgmm64.dll
0x00007ffaa0aa0000 - 0x00007ffaa0aea000 	C:\WINDOWS\SYSTEM32\directxdatabasehelper.dll
0x00007ffa6a1d0000 - 0x00007ffa6a212000 	C:\Users\SRVJ\.openjfx\cache\17.0.6\glass.dll
0x00007ffaa8440000 - 0x00007ffaa8539000 	C:\WINDOWS\System32\COMDLG32.dll
0x00007ffaa82f0000 - 0x00007ffaa8440000 	C:\WINDOWS\System32\MSCTF.dll
0x00007ffa78a10000 - 0x00007ffa78a37000 	C:\WINDOWS\System32\DriverStore\FileRepository\iigd_dch.inf_amd64_535ad830186013d4\igdinfo64.dll
0x00007ffaa5830000 - 0x00007ffaa584b000 	C:\WINDOWS\SYSTEM32\CRYPTSP.dll
0x00007ffaa50c0000 - 0x00007ffaa50f5000 	C:\WINDOWS\system32\rsaenh.dll
0x00007ffaa5850000 - 0x00007ffaa585c000 	C:\WINDOWS\SYSTEM32\CRYPTBASE.dll
0x00007ffa970c0000 - 0x00007ffa9a2c6000 	C:\WINDOWS\System32\DriverStore\FileRepository\iigd_dch.inf_amd64_535ad830186013d4\igc64.dll

dbghelp: loaded successfully - version: 4.0.5 - missing functions: none
symbol engine: initialized successfully - sym options: 0x614 - pdb path: .;C:\Program Files\Java\jdk-17\bin;C:\WINDOWS\SYSTEM32;C:\WINDOWS\WinSxS\amd64_microsoft.windows.common-controls_6595b64144ccf1df_6.0.22621.2506_none_270c5ae97388e100;C:\Program Files\Java\jdk-17\bin\server;C:\Program Files\JetBrains\IntelliJ IDEA Community Edition 2023.3.2\bin;C:\Users\SRVJ\.openjfx\cache\17.0.6;C:\WINDOWS\System32\DriverStore\FileRepository\iigd_dch.inf_amd64_535ad830186013d4

VM Arguments:
jvm_args: -javaagent:C:\Program Files\JetBrains\IntelliJ IDEA Community Edition 2023.3.2\lib\idea_rt.jar=50140:C:\Program Files\JetBrains\IntelliJ IDEA Community Edition 2023.3.2\bin -Dfile.encoding=UTF-8 --module-path=C:\Users\SRVJ\IdeaProjects\FirstApp\target\classes;C:\Users\SRVJ\.m2\repository\org\openjfx\javafx-graphics\17.0.6\javafx-graphics-17.0.6-win.jar;C:\Users\SRVJ\.m2\repository\org\openjfx\javafx-fxml\17.0.6\javafx-fxml-17.0.6-win.jar;C:\Users\SRVJ\.m2\repository\org\openjfx\javafx-base\17.0.6\javafx-base-17.0.6-win.jar;C:\Users\SRVJ\.m2\repository\org\openjfx\javafx-controls\17.0.6\javafx-controls-17.0.6-win.jar -Djdk.module.main=com.example.firstapp 
java_command: com.example.firstapp/com.example.com.vsb.javafx.MyMain
java_class_path (initial): C:\Users\SRVJ\.m2\repository\org\openjfx\javafx-controls\17.0.6\javafx-controls-17.0.6.jar;C:\Users\SRVJ\.m2\repository\org\openjfx\javafx-graphics\17.0.6\javafx-graphics-17.0.6.jar;C:\Users\SRVJ\.m2\repository\org\openjfx\javafx-base\17.0.6\javafx-base-17.0.6.jar;C:\Users\SRVJ\.m2\repository\org\openjfx\javafx-fxml\17.0.6\javafx-fxml-17.0.6.jar
Launcher Type: SUN_STANDARD

[Global flags]
     intx CICompilerCount                          = 4                                         {product} {ergonomic}
     uint ConcGCThreads                            = 2                                         {product} {ergonomic}
     uint G1ConcRefinementThreads                  = 8                                         {product} {ergonomic}
   size_t G1HeapRegionSize                         = 1048576                                   {product} {ergonomic}
    uintx GCDrainStackTargetSize                   = 64                                        {product} {ergonomic}
   size_t InitialHeapSize                          = 130023424                                 {product} {ergonomic}
   size_t MarkStackSize                            = 4194304                                   {product} {ergonomic}
   size_t MaxHeapSize                              = 2080374784                                {product} {ergonomic}
   size_t MaxNewSize                               = 1247805440                                {product} {ergonomic}
   size_t MinHeapDeltaBytes                        = 1048576                                   {product} {ergonomic}
   size_t MinHeapSize                              = 8388608                                   {product} {ergonomic}
    uintx NonNMethodCodeHeapSize                   = 5839372                                {pd product} {ergonomic}
    uintx NonProfiledCodeHeapSize                  = 122909434                              {pd product} {ergonomic}
    uintx ProfiledCodeHeapSize                     = 122909434                              {pd product} {ergonomic}
    uintx ReservedCodeCacheSize                    = 251658240                              {pd product} {ergonomic}
     bool SegmentedCodeCache                       = true                                      {product} {ergonomic}
   size_t SoftMaxHeapSize                          = 2080374784                             {manageable} {ergonomic}
     bool UseCompressedClassPointers               = true                           {product lp64_product} {ergonomic}
     bool UseCompressedOops                        = true                           {product lp64_product} {ergonomic}
     bool UseG1GC                                  = true                                      {product} {ergonomic}
     bool UseLargePagesIndividualAllocation        = false                                  {pd product} {ergonomic}

Logging:
Log output configuration:
 #0: stdout all=warning uptime,level,tags
 #1: stderr all=off uptime,level,tags

Environment Variables:
JAVA_HOME=C:\Program Files\Java\jdk-17\bin
PATH=C:\Program Files\Common Files\Oracle\Java\javapath;C:\Users\SRVJ\AppData\Local\Programs\Python\Python311;C:\oraclexe\app\oracle\product\10.2.0\server\bin;C:\WINDOWS\system32;C:\WINDOWS;C:\WINDOWS\System32\Wbem;C:\WINDOWS\System32\WindowsPowerShell\v1.0\;C:\WINDOWS\System32\OpenSSH\;C:\Program Files\dotnet\;C:\Program Files\Java\jdk-17\bin;C:\Program Files (x86)\dotnet\;C:\Program Files\Microsoft SQL Server\150\Tools\Binn\;C:\Users\SRVJ\AppData\Local\Programs\Python\Python311\Scripts\;C:\Users\SRVJ\AppData\Local\Programs\Python\Python311\;C:\Program Files\MySQL\MySQL Shell 8.0\bin\;C:\Users\SRVJ\AppData\Local\Microsoft\WindowsApps;C:\Users\SRVJ\.dotnet\tools;C:\Users\SRVJ\AppData\Local\atom\bin;C:\Program Files\Java\jdk1.8.0_281\bin;C:\Users\SRVJ\AppData\Local\Programs\Microsoft VS Code\bin;C:\Users\SRVJ\AppData\Local\Microsoft\WindowsApps;C:\Users\SRVJ\.dotnet\tools;C:\Program Files\JetBrains\IntelliJ IDEA Community Edition 2023.3.2\bin;
USERNAME=SRVJ
OS=Windows_NT
PROCESSOR_IDENTIFIER=Intel64 Family 6 Model 126 Stepping 5, GenuineIntel



---------------  S Y S T E M  ---------------

OS:
 Windows 11 , 64 bit Build 22621 (10.0.22621.2506)
OS uptime: 0 days 0:34 hours

CPU: total 8 (initial active 8) (4 cores per cpu, 2 threads per core) family 6 model 126 stepping 5 microcode 0xba, cx8, cmov, fxsr, ht, mmx, 3dnowpref, sse, sse2, sse3, ssse3, sse4.1, sse4.2, popcnt, lzcnt, tsc, tscinvbit, avx, avx2, aes, erms, clmul, bmi1, bmi2, adx, avx512f, avx512dq, avx512cd, avx512bw, avx512vl, sha, fma, vzeroupper, avx512_vpopcntdq, avx512_vpclmulqdq, avx512_vaes, avx512_vnni, clflush, clflushopt, avx512_vbmi2, avx512_vbmi

Memory: 4k page, system-wide physical 7934M (2110M free)
TotalPageFile size 7934M (AvailPageFile size 4M)
current process WorkingSet (physical memory assigned to process): 97M, peak: 97M
current process commit charge ("private bytes"): 246M, peak: 246M

vm_info: Java HotSpot(TM) 64-Bit Server VM (17.0.9+11-LTS-201) for windows-amd64 JRE (17.0.9+11-LTS-201), built on Oct 10 2023 23:16:06 by "mach5one" with MS VC++ 17.1 (VS2022)

END.
