#
# There is insufficient memory for the Java Runtime Environment to continue.
# Native memory allocation (mmap) failed to map 130023424 bytes for G1 virtual space
# Possible reasons:
#   The system is out of physical RAM or swap space
#   The process is running with CompressedOops enabled, and the Java Heap may be blocking the growth of the native heap
# Possible solutions:
#   Reduce memory load on the system
#   Increase physical memory or swap space
#   Check if swap backing store is full
#   Decrease Java heap size (-Xmx/-Xms)
#   Decrease number of Java threads
#   Decrease Java thread stack sizes (-Xss)
#   Set larger code cache with -XX:ReservedCodeCacheSize=
#   JVM is running with Unscaled Compressed Oops mode in which the Java heap is
#     placed in the first 4GB address space. The Java Heap base address is the
#     maximum limit for the native heap growth. Please use -XX:HeapBaseMinAddress
#     to set the Java Heap base and to place the Java Heap above 4GB virtual address.
# This output file may be truncated or incomplete.
#
#  Out of Memory Error (os_windows.cpp:3552), pid=8936, tid=10544
#
# JRE version:  (17.0.9+11) (build )
# Java VM: Java HotSpot(TM) 64-Bit Server VM (17.0.9+11-LTS-201, mixed mode, sharing, tiered, compressed oops, compressed class ptrs, g1 gc, windows-amd64)
# No core dump will be written. Minidumps are not enabled by default on client versions of Windows
#

---------------  S U M M A R Y ------------

Command Line: -javaagent:C:\Program Files\JetBrains\IntelliJ IDEA Community Edition 2023.3.2\lib\idea_rt.jar=50137:C:\Program Files\JetBrains\IntelliJ IDEA Community Edition 2023.3.2\bin -Dfile.encoding=UTF-8 --module-path=C:\Users\SRVJ\IdeaProjects\FirstApp\target\classes;C:\Users\SRVJ\.m2\repository\org\openjfx\javafx-graphics\17.0.6\javafx-graphics-17.0.6-win.jar;C:\Users\SRVJ\.m2\repository\org\openjfx\javafx-fxml\17.0.6\javafx-fxml-17.0.6-win.jar;C:\Users\SRVJ\.m2\repository\org\openjfx\javafx-base\17.0.6\javafx-base-17.0.6-win.jar;C:\Users\SRVJ\.m2\repository\org\openjfx\javafx-controls\17.0.6\javafx-controls-17.0.6-win.jar -Djdk.module.main=com.example.firstapp com.example.firstapp/com.example.com.vsb.javafx.MyMain

Host: Intel(R) Core(TM) i5-1035G1 CPU @ 1.00GHz, 8 cores, 7G,  Windows 11 , 64 bit Build 22621 (10.0.22621.2506)
Time: Mon Jan 22 20:34:58 2024 India Standard Time elapsed time: 0.043277 seconds (0d 0h 0m 0s)

---------------  T H R E A D  ---------------

Current thread (0x000001a2ce868af0):  JavaThread "Unknown thread" [_thread_in_vm, id=10544, stack(0x0000009871000000,0x0000009871100000)]

Stack: [0x0000009871000000,0x0000009871100000]
Native frames: (J=compiled Java code, j=interpreted, Vv=VM code, C=native code)
V  [jvm.dll+0x678a4a]
V  [jvm.dll+0x7d9cfd]
V  [jvm.dll+0x7db60e]
V  [jvm.dll+0x7dbc73]
V  [jvm.dll+0x245e1f]
V  [jvm.dll+0x6758f9]
V  [jvm.dll+0x66a2a2]
V  [jvm.dll+0x303686]
V  [jvm.dll+0x30ac06]
V  [jvm.dll+0x35a48e]
V  [jvm.dll+0x35a6bf]
V  [jvm.dll+0x2da678]
V  [jvm.dll+0x2db5e4]
V  [jvm.dll+0x7ab6b1]
V  [jvm.dll+0x368041]
V  [jvm.dll+0x78a749]
V  [jvm.dll+0x3ebd4f]
V  [jvm.dll+0x3ed7d1]
C  [jli.dll+0x5297]
C  [ucrtbase.dll+0x29363]
C  [KERNEL32.DLL+0x1257d]
C  [ntdll.dll+0x5aa58]


---------------  P R O C E S S  ---------------

Threads class SMR info:
_java_thread_list=0x00007ffa592f89d8, length=0, elements={
}

Java Threads: ( => current thread )

Other Threads:
  0x000001a2ce8c0700 GCTaskThread "GC Thread#0" [stack: 0x0000009871100000,0x0000009871200000] [id=4928]
  0x000001a2cc729f60 ConcurrentGCThread "G1 Main Marker" [stack: 0x0000009871200000,0x0000009871300000] [id=3540]
  0x000001a2cc72b020 ConcurrentGCThread "G1 Conc#0" [stack: 0x0000009871300000,0x0000009871400000] [id=2624]

[error occurred during error reporting (printing all threads), id 0xc0000005, EXCEPTION_ACCESS_VIOLATION (0xc0000005) at pc=0x00007ffa58b2b2d7]

VM state: not at safepoint (not fully initialized)

VM Mutex/Monitor currently owned by a thread:  ([mutex/lock_event])
[0x000001a2ce8632d0] Heap_lock - owner thread: 0x000001a2ce868af0

Heap address: 0x0000000084000000, size: 1984 MB, Compressed Oops mode: 32-bit

CDS archive(s) mapped at: [0x0000000000000000-0x0000000000000000-0x0000000000000000), size 0, SharedBaseAddress: 0x0000000800000000, ArchiveRelocationMode: 1.
Narrow klass base: 0x0000000000000000, Narrow klass shift: 0, Narrow klass range: 0x0

GC Precious Log:
<Empty>

Heap:
 garbage-first heap   total 0K, used 0K [0x0000000084000000, 0x0000000100000000)
  region size 1024K, 0 young (0K), 0 survivors (0K)

[error occurred during error reporting (printing heap information), id 0xc0000005, EXCEPTION_ACCESS_VIOLATION (0xc0000005) at pc=0x00007ffa58f12229]

GC Heap History (0 events):
No events

Deoptimization events (0 events):
No events

Classes unloaded (0 events):
No events

Classes redefined (0 events):
No events

Internal exceptions (0 events):
No events

VM Operations (0 events):
No events

Events (1 events):
Event: 0.009 Loaded shared library C:\Program Files\Java\jdk-17\bin\java.dll


Dynamic libraries:
0x00007ff7b9d20000 - 0x00007ff7b9d30000 	C:\Program Files\Java\jdk-17\bin\java.exe
0x00007ffaa8df0000 - 0x00007ffaa9007000 	C:\WINDOWS\SYSTEM32\ntdll.dll
0x00007ffaa7110000 - 0x00007ffaa71d4000 	C:\WINDOWS\System32\KERNEL32.DLL
0x00007ffaa65d0000 - 0x00007ffaa6976000 	C:\WINDOWS\System32\KERNELBASE.dll
0x00007ffaa69b0000 - 0x00007ffaa6ac1000 	C:\WINDOWS\System32\ucrtbase.dll
0x00007ffa8bdb0000 - 0x00007ffa8bdcb000 	C:\Program Files\Java\jdk-17\bin\VCRUNTIME140.dll
0x00007ffa86950000 - 0x00007ffa86969000 	C:\Program Files\Java\jdk-17\bin\jli.dll
0x00007ffaa7360000 - 0x00007ffaa7413000 	C:\WINDOWS\System32\ADVAPI32.dll
0x00007ffaa7500000 - 0x00007ffaa75a7000 	C:\WINDOWS\System32\msvcrt.dll
0x00007ffaa72b0000 - 0x00007ffaa7358000 	C:\WINDOWS\System32\sechost.dll
0x00007ffaa6250000 - 0x00007ffaa6278000 	C:\WINDOWS\System32\bcrypt.dll
0x00007ffaa6fd0000 - 0x00007ffaa70e7000 	C:\WINDOWS\System32\RPCRT4.dll
0x00007ffaa7a50000 - 0x00007ffaa7bfe000 	C:\WINDOWS\System32\USER32.dll
0x00007ffa88470000 - 0x00007ffa88703000 	C:\WINDOWS\WinSxS\amd64_microsoft.windows.common-controls_6595b64144ccf1df_6.0.22621.2506_none_270c5ae97388e100\COMCTL32.dll
0x00007ffaa6980000 - 0x00007ffaa69a6000 	C:\WINDOWS\System32\win32u.dll
0x00007ffaa7420000 - 0x00007ffaa7449000 	C:\WINDOWS\System32\GDI32.dll
0x00007ffaa6130000 - 0x00007ffaa6248000 	C:\WINDOWS\System32\gdi32full.dll
0x00007ffaa64b0000 - 0x00007ffaa654a000 	C:\WINDOWS\System32\msvcp_win.dll
0x00007ffa9fe10000 - 0x00007ffa9fe1a000 	C:\WINDOWS\SYSTEM32\VERSION.dll
0x00007ffaa6f90000 - 0x00007ffaa6fc1000 	C:\WINDOWS\System32\IMM32.DLL
0x00007ffa9ee40000 - 0x00007ffa9ee4c000 	C:\Program Files\Java\jdk-17\bin\vcruntime140_1.dll
0x00007ffa84800000 - 0x00007ffa8488e000 	C:\Program Files\Java\jdk-17\bin\msvcp140.dll
0x00007ffa58840000 - 0x00007ffa59421000 	C:\Program Files\Java\jdk-17\bin\server\jvm.dll
0x00007ffaa8000000 - 0x00007ffaa8008000 	C:\WINDOWS\System32\PSAPI.DLL
0x00007ffa9e160000 - 0x00007ffa9e194000 	C:\WINDOWS\SYSTEM32\WINMM.dll
0x00007ffaa2f20000 - 0x00007ffaa2f29000 	C:\WINDOWS\SYSTEM32\WSOCK32.dll
0x00007ffaa7c90000 - 0x00007ffaa7d01000 	C:\WINDOWS\System32\WS2_32.dll
0x00007ffaa5160000 - 0x00007ffaa5178000 	C:\WINDOWS\SYSTEM32\kernel.appcore.dll
0x00007ffa9cb80000 - 0x00007ffa9cb8a000 	C:\Program Files\Java\jdk-17\bin\jimage.dll
0x00007ffaa3c10000 - 0x00007ffaa3e43000 	C:\WINDOWS\SYSTEM32\DBGHELP.DLL
0x00007ffaa6c00000 - 0x00007ffaa6f89000 	C:\WINDOWS\System32\combase.dll
0x00007ffaa7f20000 - 0x00007ffaa7ff7000 	C:\WINDOWS\System32\OLEAUT32.dll
0x00007ffa8efa0000 - 0x00007ffa8efd2000 	C:\WINDOWS\SYSTEM32\dbgcore.DLL
0x00007ffaa6550000 - 0x00007ffaa65ca000 	C:\WINDOWS\System32\bcryptPrimitives.dll
0x00007ffaa11f0000 - 0x00007ffaa11fe000 	C:\Program Files\Java\jdk-17\bin\instrument.dll
0x00007ffa84930000 - 0x00007ffa84955000 	C:\Program Files\Java\jdk-17\bin\java.dll

dbghelp: loaded successfully - version: 4.0.5 - missing functions: none
symbol engine: initialized successfully - sym options: 0x614 - pdb path: .;C:\Program Files\Java\jdk-17\bin;C:\WINDOWS\SYSTEM32;C:\WINDOWS\WinSxS\amd64_microsoft.windows.common-controls_6595b64144ccf1df_6.0.22621.2506_none_270c5ae97388e100;C:\Program Files\Java\jdk-17\bin\server

VM Arguments:
jvm_args: -javaagent:C:\Program Files\JetBrains\IntelliJ IDEA Community Edition 2023.3.2\lib\idea_rt.jar=50137:C:\Program Files\JetBrains\IntelliJ IDEA Community Edition 2023.3.2\bin -Dfile.encoding=UTF-8 --module-path=C:\Users\SRVJ\IdeaProjects\FirstApp\target\classes;C:\Users\SRVJ\.m2\repository\org\openjfx\javafx-graphics\17.0.6\javafx-graphics-17.0.6-win.jar;C:\Users\SRVJ\.m2\repository\org\openjfx\javafx-fxml\17.0.6\javafx-fxml-17.0.6-win.jar;C:\Users\SRVJ\.m2\repository\org\openjfx\javafx-base\17.0.6\javafx-base-17.0.6-win.jar;C:\Users\SRVJ\.m2\repository\org\openjfx\javafx-controls\17.0.6\javafx-controls-17.0.6-win.jar -Djdk.module.main=com.example.firstapp 
java_command: com.example.firstapp/com.example.com.vsb.javafx.MyMain
java_class_path (initial): C:\Users\SRVJ\.m2\repository\org\openjfx\javafx-controls\17.0.6\javafx-controls-17.0.6.jar;C:\Users\SRVJ\.m2\repository\org\openjfx\javafx-graphics\17.0.6\javafx-graphics-17.0.6.jar;C:\Users\SRVJ\.m2\repository\org\openjfx\javafx-base\17.0.6\javafx-base-17.0.6.jar;C:\Users\SRVJ\.m2\repository\org\openjfx\javafx-fxml\17.0.6\javafx-fxml-17.0.6.jar
Launcher Type: SUN_STANDARD

[Global flags]
     intx CICompilerCount                          = 4                                         {product} {ergonomic}
     uint ConcGCThreads                            = 2                                         {product} {ergonomic}
     uint G1ConcRefinementThreads                  = 8                                         {product} {ergonomic}
   size_t G1HeapRegionSize                         = 1048576                                   {product} {ergonomic}
    uintx GCDrainStackTargetSize                   = 64                                        {product} {ergonomic}
   size_t InitialHeapSize                          = 130023424                                 {product} {ergonomic}
   size_t MarkStackSize                            = 4194304                                   {product} {ergonomic}
   size_t MaxHeapSize                              = 2080374784                                {product} {ergonomic}
   size_t MinHeapDeltaBytes                        = 1048576                                   {product} {ergonomic}
   size_t MinHeapSize                              = 8388608                                   {product} {ergonomic}
    uintx NonNMethodCodeHeapSize                   = 5839372                                {pd product} {ergonomic}
    uintx NonProfiledCodeHeapSize                  = 122909434                              {pd product} {ergonomic}
    uintx ProfiledCodeHeapSize                     = 122909434                              {pd product} {ergonomic}
    uintx ReservedCodeCacheSize                    = 251658240                              {pd product} {ergonomic}
     bool SegmentedCodeCache                       = true                                      {product} {ergonomic}
   size_t SoftMaxHeapSize                          = 2080374784                             {manageable} {ergonomic}
     bool UseCompressedClassPointers               = true                           {product lp64_product} {ergonomic}
     bool UseCompressedOops                        = true                           {product lp64_product} {ergonomic}
     bool UseG1GC                                  = true                                      {product} {ergonomic}
     bool UseLargePagesIndividualAllocation        = false                                  {pd product} {ergonomic}

Logging:
Log output configuration:
 #0: stdout all=warning uptime,level,tags
 #1: stderr all=off uptime,level,tags

Environment Variables:
JAVA_HOME=C:\Program Files\Java\jdk-17\bin
PATH=C:\Program Files\Common Files\Oracle\Java\javapath;C:\Users\SRVJ\AppData\Local\Programs\Python\Python311;C:\oraclexe\app\oracle\product\10.2.0\server\bin;C:\WINDOWS\system32;C:\WINDOWS;C:\WINDOWS\System32\Wbem;C:\WINDOWS\System32\WindowsPowerShell\v1.0\;C:\WINDOWS\System32\OpenSSH\;C:\Program Files\dotnet\;C:\Program Files\Java\jdk-17\bin;C:\Program Files (x86)\dotnet\;C:\Program Files\Microsoft SQL Server\150\Tools\Binn\;C:\Users\SRVJ\AppData\Local\Programs\Python\Python311\Scripts\;C:\Users\SRVJ\AppData\Local\Programs\Python\Python311\;C:\Program Files\MySQL\MySQL Shell 8.0\bin\;C:\Users\SRVJ\AppData\Local\Microsoft\WindowsApps;C:\Users\SRVJ\.dotnet\tools;C:\Users\SRVJ\AppData\Local\atom\bin;C:\Program Files\Java\jdk1.8.0_281\bin;C:\Users\SRVJ\AppData\Local\Programs\Microsoft VS Code\bin;C:\Users\SRVJ\AppData\Local\Microsoft\WindowsApps;C:\Users\SRVJ\.dotnet\tools;C:\Program Files\JetBrains\IntelliJ IDEA Community Edition 2023.3.2\bin;
USERNAME=SRVJ
OS=Windows_NT
PROCESSOR_IDENTIFIER=Intel64 Family 6 Model 126 Stepping 5, GenuineIntel



---------------  S Y S T E M  ---------------

OS:
 Windows 11 , 64 bit Build 22621 (10.0.22621.2506)
OS uptime: 0 days 0:33 hours

CPU: total 8 (initial active 8) (4 cores per cpu, 2 threads per core) family 6 model 126 stepping 5 microcode 0xba, cx8, cmov, fxsr, ht, mmx, 3dnowpref, sse, sse2, sse3, ssse3, sse4.1, sse4.2, popcnt, lzcnt, tsc, tscinvbit, avx, avx2, aes, erms, clmul, bmi1, bmi2, adx, avx512f, avx512dq, avx512cd, avx512bw, avx512vl, sha, fma, vzeroupper, avx512_vpopcntdq, avx512_vpclmulqdq, avx512_vaes, avx512_vnni, clflush, clflushopt, avx512_vbmi2, avx512_vbmi

Memory: 4k page, system-wide physical 7934M (2126M free)
TotalPageFile size 7934M (AvailPageFile size 102M)
current process WorkingSet (physical memory assigned to process): 11M, peak: 11M
current process commit charge ("private bytes"): 60M, peak: 184M

vm_info: Java HotSpot(TM) 64-Bit Server VM (17.0.9+11-LTS-201) for windows-amd64 JRE (17.0.9+11-LTS-201), built on Oct 10 2023 23:16:06 by "mach5one" with MS VC++ 17.1 (VS2022)

END.
